Bravais lattice: Cubic body centred

     a             b            c
 6.64000000    6.64000000   6.64000000
     alpha         beta         gamma
 89.99999999    89.99999999   89.99999999


===== Decomposition of new basis vectors over input basis =====
 1.000000   0.000000  1.000000  <--- 1
 1.000000   1.000000  0.000000  <--- 2
 0.000000   1.000000  1.000000  <--- 3

==== Number of atoms in cell (only atoms of primitive cell): 8 
==== Atom positions (only atoms of primitive cell):

 0.10029950   0.10029950  0.10029950
 Si
 0.39970050   0.89970050  0.60029950
 Si
 0.89970050   0.60029950  0.39970050
 Si
 0.60029950   0.39970050  0.89970050
 Si
 0.89970050   0.89970050  0.89970050
 Si
 0.60029950   0.10029950  0.39970050
 Si
 0.10029950   0.39970050  0.60029950
 Si
 0.39970050   0.60029950  0.10029950
 Si

==== Number of nonequivalent sorts: 1
==== Nonequivalent atoms, point group for each sort: ====

Sort number: 1
  Names of point group: 3      3      C3
  New basis vectors for this point group:
   -1.0000   1.0000  0.0000  <--- 1
    0.0000  -1.0000  1.0000  <--- 2
    0.5000   0.5000  0.5000  <--- 3

  Atom positions: 8
   0.10029950   0.10029950  0.10029950
   Si
   0.39970050   0.89970050  0.60029950
   Si
   0.89970050   0.60029950  0.39970050
   Si
   0.60029950   0.39970050  0.89970050
   Si
   0.89970050   0.89970050  0.89970050
   Si
   0.60029950   0.10029950  0.39970050
   Si
   0.10029950   0.39970050  0.60029950
   Si
   0.39970050   0.60029950  0.10029950
   Si

======================================================================

Number and name of space group: 206 (I a -3)
- Short - Full - Schoenflies - names of point group:
 m-3    2/m-3  Th

Number of symmetry operations: 24
Operation: 1
 1.0   0.0   0.0  0.000
 0.0   1.0   0.0  0.000
 0.0   0.0   1.0  0.000

Operation: 2
-1.0   0.0   0.0  0.500
 0.0  -1.0   0.0  0.000
 0.0   0.0   1.0  0.500

Operation: 3
-1.0   0.0   0.0  0.000
 0.0   1.0   0.0  0.500
 0.0   0.0  -1.0  0.500

Operation: 4
 1.0   0.0   0.0  0.500
 0.0  -1.0   0.0  0.500
 0.0   0.0  -1.0  0.000

Operation: 5
 0.0   0.0   1.0  0.000
 1.0   0.0   0.0  0.000
 0.0   1.0   0.0  0.000

Operation: 6
 0.0   0.0   1.0  0.500
-1.0   0.0   0.0  0.500
 0.0  -1.0   0.0  0.000

Operation: 7
 0.0   0.0  -1.0  0.500
-1.0   0.0   0.0  0.000
 0.0   1.0   0.0  0.500

Operation: 8
 0.0   0.0  -1.0  0.000
 1.0   0.0   0.0  0.500
 0.0  -1.0   0.0  0.500

Operation: 9
 0.0   1.0   0.0  0.000
 0.0   0.0   1.0  0.000
 1.0   0.0   0.0  0.000

Operation: 10
 0.0  -1.0   0.0  0.000
 0.0   0.0   1.0  0.500
-1.0   0.0   0.0  0.500

Operation: 11
 0.0   1.0   0.0  0.500
 0.0   0.0  -1.0  0.500
-1.0   0.0   0.0  0.000

Operation: 12
 0.0  -1.0   0.0  0.500
 0.0   0.0  -1.0  0.000
 1.0   0.0   0.0  0.500

Operation: 13
-1.0   0.0   0.0  0.000
 0.0  -1.0   0.0  0.000
 0.0   0.0  -1.0  0.000

Operation: 14
 1.0   0.0   0.0  0.500
 0.0   1.0   0.0  0.000
 0.0   0.0  -1.0  0.500

Operation: 15
 1.0   0.0   0.0  0.000
 0.0  -1.0   0.0  0.500
 0.0   0.0   1.0  0.500

Operation: 16
-1.0   0.0   0.0  0.500
 0.0   1.0   0.0  0.500
 0.0   0.0   1.0  0.000

Operation: 17
 0.0   0.0  -1.0  0.000
-1.0   0.0   0.0  0.000
 0.0  -1.0   0.0  0.000

Operation: 18
 0.0   0.0  -1.0  0.500
 1.0   0.0   0.0  0.500
 0.0   1.0   0.0  0.000

Operation: 19
 0.0   0.0   1.0  0.500
 1.0   0.0   0.0  0.000
 0.0  -1.0   0.0  0.500

Operation: 20
 0.0   0.0   1.0  0.000
-1.0   0.0   0.0  0.500
 0.0   1.0   0.0  0.500

Operation: 21
 0.0  -1.0   0.0  0.000
 0.0   0.0  -1.0  0.000
-1.0   0.0   0.0  0.000

Operation: 22
 0.0   1.0   0.0  0.000
 0.0   0.0  -1.0  0.500
 1.0   0.0   0.0  0.500

Operation: 23
 0.0  -1.0   0.0  0.500
 0.0   0.0   1.0  0.500
 1.0   0.0   0.0  0.000

Operation: 24
 0.0   1.0   0.0  0.500
 0.0   0.0   1.0  0.000
-1.0   0.0   0.0  0.500

============================================================

===== Number of possible shift vectors: 1 =====
===== List of shift vectors:
 0.0000   0.0000   0.0000
