Bravais lattice: Orthorhombic primitive

     a             b            c
 4.52600000    7.01000000   12.14200000
     alpha         beta         gamma
 90.00000000    90.00000000   90.00000000


===== Decomposition of new basis vectors over input basis =====
 1.000000   0.000000  0.000000  <--- 1
 0.000000   1.000000  0.000000  <--- 2
 0.000000   0.000000  1.000000  <--- 3

==== Number of atoms in cell: 40
==== Atom positions:

 0.44350000   0.56420000  0.31190000
 Cr
 0.05650000   0.43580000  0.81190000
 Cr
 0.55650000   0.06420000  0.68810000
 Cr
 0.94350000   0.93580000  0.18810000
 Cr
 0.55650000   0.43580000  0.68810000
 Cr
 0.94350000   0.56420000  0.18810000
 Cr
 0.44350000   0.93580000  0.31190000
 Cr
 0.05650000   0.06420000  0.81190000
 Cr
 0.05790000   0.25000000  0.62610000
 Cr
 0.44210000   0.75000000  0.12610000
 Cr
 0.94210000   0.75000000  0.37390000
 Cr
 0.55790000   0.25000000  0.87390000
 Cr
 0.25090000   0.43430000  0.02180000
 Cr
 0.24910000   0.56570000  0.52180000
 Cr
 0.74910000   0.93430000  0.97820000
 Cr
 0.75090000   0.06570000  0.47820000
 Cr
 0.74910000   0.56570000  0.97820000
 Cr
 0.75090000   0.43430000  0.47820000
 Cr
 0.25090000   0.06570000  0.02180000
 Cr
 0.24910000   0.93430000  0.52180000
 Cr
 0.76190000   0.25000000  0.08350000
 Cr
 0.73810000   0.75000000  0.58350000
 Cr
 0.23810000   0.75000000  0.91650000
 Cr
 0.26190000   0.25000000  0.41650000
 Cr
 0.75010000   0.25000000  0.29370000
 Cr
 0.74990000   0.75000000  0.79370000
 Cr
 0.24990000   0.75000000  0.70630000
 Cr
 0.25010000   0.25000000  0.20630000
 Cr

 0.47120000   0.97090000  0.84280000
 C
 0.02880000   0.02910000  0.34280000
 C
 0.52880000   0.47090000  0.15720000
 C
 0.97120000   0.52910000  0.65720000
 C
 0.52880000   0.02910000  0.15720000
 C
 0.97120000   0.97090000  0.65720000
 C
 0.47120000   0.52910000  0.84280000
 C
 0.02880000   0.47090000  0.34280000
 C
 0.04060000   0.75000000  0.06290000
 C
 0.45940000   0.25000000  0.56290000
 C
 0.95940000   0.25000000  0.93710000
 C
 0.54060000   0.75000000  0.43710000
 C

==== Number of nonequivalent sorts: 7
==== Nonequivalent atoms, point group for each sort: ====

Sort number: 1
  Names of point group: 1      1      C1
  New basis vectors for this point group:
    1.0000   0.0000  0.0000  <--- 1
    0.0000   1.0000  0.0000  <--- 2
    0.0000   0.0000  1.0000  <--- 3

  Atom positions: 8
   0.44350000   0.56420000  0.31190000
   Cr (1)
   0.05650000   0.43580000  0.81190000
   Cr (1)
   0.55650000   0.06420000  0.68810000
   Cr (1)
   0.94350000   0.93580000  0.18810000
   Cr (1)
   0.55650000   0.43580000  0.68810000
   Cr (1)
   0.94350000   0.56420000  0.18810000
   Cr (1)
   0.44350000   0.93580000  0.31190000
   Cr (1)
   0.05650000   0.06420000  0.81190000
   Cr (1)

Sort number: 2
  Names of point group: m      m      Cs
  New basis vectors for this point group:
    1.0000   0.0000  0.0000  <--- 1
    0.0000   0.0000 -1.0000  <--- 2
    0.0000   1.0000  0.0000  <--- 3

  Atom positions: 4
   0.05790000   0.25000000  0.62610000
   Cr (2)
   0.44210000   0.75000000  0.12610000
   Cr (2)
   0.94210000   0.75000000  0.37390000
   Cr (2)
   0.55790000   0.25000000  0.87390000
   Cr (2)

Sort number: 3
  Names of point group: 1      1      C1
  New basis vectors for this point group:
    1.0000   0.0000  0.0000  <--- 1
    0.0000   1.0000  0.0000  <--- 2
    0.0000   0.0000  1.0000  <--- 3

  Atom positions: 8
   0.25090000   0.43430000  0.02180000
   Cr (3)
   0.24910000   0.56570000  0.52180000
   Cr (3)
   0.74910000   0.93430000  0.97820000
   Cr (3)
   0.75090000   0.06570000  0.47820000
   Cr (3)
   0.74910000   0.56570000  0.97820000
   Cr (3)
   0.75090000   0.43430000  0.47820000
   Cr (3)
   0.25090000   0.06570000  0.02180000
   Cr (3)
   0.24910000   0.93430000  0.52180000
   Cr (3)

Sort number: 4
  Names of point group: m      m      Cs
  New basis vectors for this point group:
    1.0000   0.0000  0.0000  <--- 1
    0.0000   0.0000 -1.0000  <--- 2
    0.0000   1.0000  0.0000  <--- 3

  Atom positions: 4
   0.76190000   0.25000000  0.08350000
   Cr (4)
   0.73810000   0.75000000  0.58350000
   Cr (4)
   0.23810000   0.75000000  0.91650000
   Cr (4)
   0.26190000   0.25000000  0.41650000
   Cr (4)

Sort number: 5
  Names of point group: m      m      Cs
  New basis vectors for this point group:
    1.0000   0.0000  0.0000  <--- 1
    0.0000   0.0000 -1.0000  <--- 2
    0.0000   1.0000  0.0000  <--- 3

  Atom positions: 4
   0.75010000   0.25000000  0.29370000
   Cr (5)
   0.74990000   0.75000000  0.79370000
   Cr (5)
   0.24990000   0.75000000  0.70630000
   Cr (5)
   0.25010000   0.25000000  0.20630000
   Cr (5)

Sort number: 6
  Names of point group: 1      1      C1
  New basis vectors for this point group:
    1.0000   0.0000  0.0000  <--- 1
    0.0000   1.0000  0.0000  <--- 2
    0.0000   0.0000  1.0000  <--- 3

  Atom positions: 8
   0.47120000   0.97090000  0.84280000
   C (1)
   0.02880000   0.02910000  0.34280000
   C (1)
   0.52880000   0.47090000  0.15720000
   C (1)
   0.97120000   0.52910000  0.65720000
   C (1)
   0.52880000   0.02910000  0.15720000
   C (1)
   0.97120000   0.97090000  0.65720000
   C (1)
   0.47120000   0.52910000  0.84280000
   C (1)
   0.02880000   0.47090000  0.34280000
   C (1)

Sort number: 7
  Names of point group: m      m      Cs
  New basis vectors for this point group:
    1.0000   0.0000  0.0000  <--- 1
    0.0000   0.0000 -1.0000  <--- 2
    0.0000   1.0000  0.0000  <--- 3

  Atom positions: 4
   0.04060000   0.75000000  0.06290000
   C (2)
   0.45940000   0.25000000  0.56290000
   C (2)
   0.95940000   0.25000000  0.93710000
   C (2)
   0.54060000   0.75000000  0.43710000
   C (2)

======================================================================

Number and name of space group: 62 (P n m a)
- Short - Full - Schoenflies - names of point group:
 mmm    2/m 2/m 2/m   D2h

Number of symmetry operations: 8
Operation: 1
 1.0   0.0   0.0  0.000
 0.0   1.0   0.0  0.000
 0.0   0.0   1.0  0.000

Operation: 2
-1.0   0.0   0.0  0.500
 0.0  -1.0   0.0  0.000
 0.0   0.0   1.0  0.500

Operation: 3
-1.0   0.0   0.0  0.000
 0.0   1.0   0.0  0.500
 0.0   0.0  -1.0  0.000

Operation: 4
 1.0   0.0   0.0  0.500
 0.0  -1.0   0.0  0.500
 0.0   0.0  -1.0  0.500

Operation: 5
-1.0   0.0   0.0  0.000
 0.0  -1.0   0.0  0.000
 0.0   0.0  -1.0  0.000

Operation: 6
 1.0   0.0   0.0  0.500
 0.0   1.0   0.0  0.000
 0.0   0.0  -1.0  0.500

Operation: 7
 1.0   0.0   0.0  0.000
 0.0  -1.0   0.0  0.500
 0.0   0.0   1.0  0.000

Operation: 8
-1.0   0.0   0.0  0.500
 0.0   1.0   0.0  0.500
 0.0   0.0   1.0  0.500

============================================================

===== Number of possible shift vectors: 8 =====
===== List of shift vectors:
 0.0000   0.0000   0.0000
 0.0000   0.0000   0.5000
 0.0000   0.5000   0.0000
 0.0000   0.5000   0.5000
 0.5000   0.0000   0.0000
 0.5000   0.0000   0.5000
 0.5000   0.5000   0.0000
 0.5000   0.5000   0.5000

List of shifted cells:

Cell #1 
  Shift vector:  0.0000   0.0000   0.5000
  Nonequivalent atoms :

 0.44350000   0.56420000  0.81190000
 Cr (1)
 0.05650000   0.43580000  0.31190000
 Cr (1)
 0.55650000   0.06420000  0.18810000
 Cr (1)
 0.94350000   0.93580000  0.68810000
 Cr (1)
 0.55650000   0.43580000  0.18810000
 Cr (1)
 0.94350000   0.56420000  0.68810000
 Cr (1)
 0.44350000   0.93580000  0.81190000
 Cr (1)
 0.05650000   0.06420000  0.31190000
 Cr (1)

 0.05790000   0.25000000  0.12610000
 Cr (2)
 0.44210000   0.75000000  0.62610000
 Cr (2)
 0.94210000   0.75000000  0.87390000
 Cr (2)
 0.55790000   0.25000000  0.37390000
 Cr (2)

 0.25090000   0.43430000  0.52180000
 Cr (3)
 0.24910000   0.56570000  0.02180000
 Cr (3)
 0.74910000   0.93430000  0.47820000
 Cr (3)
 0.75090000   0.06570000  0.97820000
 Cr (3)
 0.74910000   0.56570000  0.47820000
 Cr (3)
 0.75090000   0.43430000  0.97820000
 Cr (3)
 0.25090000   0.06570000  0.52180000
 Cr (3)
 0.24910000   0.93430000  0.02180000
 Cr (3)

 0.76190000   0.25000000  0.58350000
 Cr (4)
 0.73810000   0.75000000  0.08350000
 Cr (4)
 0.23810000   0.75000000  0.41650000
 Cr (4)
 0.26190000   0.25000000  0.91650000
 Cr (4)

 0.75010000   0.25000000  0.79370000
 Cr (5)
 0.74990000   0.75000000  0.29370000
 Cr (5)
 0.24990000   0.75000000  0.20630000
 Cr (5)
 0.25010000   0.25000000  0.70630000
 Cr (5)

 0.47120000   0.97090000  0.34280000
 C (1)
 0.02880000   0.02910000  0.84280000
 C (1)
 0.52880000   0.47090000  0.65720000
 C (1)
 0.97120000   0.52910000  0.15720000
 C (1)
 0.52880000   0.02910000  0.65720000
 C (1)
 0.97120000   0.97090000  0.15720000
 C (1)
 0.47120000   0.52910000  0.34280000
 C (1)
 0.02880000   0.47090000  0.84280000
 C (1)

 0.04060000   0.75000000  0.56290000
 C (2)
 0.45940000   0.25000000  0.06290000
 C (2)
 0.95940000   0.25000000  0.43710000
 C (2)
 0.54060000   0.75000000  0.93710000
 C (2)

Cell #2 
  Shift vector:  0.0000   0.5000   0.0000
  Nonequivalent atoms :

 0.44350000   0.06420000  0.31190000
 Cr (1)
 0.05650000   0.93580000  0.81190000
 Cr (1)
 0.55650000   0.56420000  0.68810000
 Cr (1)
 0.94350000   0.43580000  0.18810000
 Cr (1)
 0.55650000   0.93580000  0.68810000
 Cr (1)
 0.94350000   0.06420000  0.18810000
 Cr (1)
 0.44350000   0.43580000  0.31190000
 Cr (1)
 0.05650000   0.56420000  0.81190000
 Cr (1)

 0.05790000   0.75000000  0.62610000
 Cr (2)
 0.44210000   0.25000000  0.12610000
 Cr (2)
 0.94210000   0.25000000  0.37390000
 Cr (2)
 0.55790000   0.75000000  0.87390000
 Cr (2)

 0.25090000   0.93430000  0.02180000
 Cr (3)
 0.24910000   0.06570000  0.52180000
 Cr (3)
 0.74910000   0.43430000  0.97820000
 Cr (3)
 0.75090000   0.56570000  0.47820000
 Cr (3)
 0.74910000   0.06570000  0.97820000
 Cr (3)
 0.75090000   0.93430000  0.47820000
 Cr (3)
 0.25090000   0.56570000  0.02180000
 Cr (3)
 0.24910000   0.43430000  0.52180000
 Cr (3)

 0.76190000   0.75000000  0.08350000
 Cr (4)
 0.73810000   0.25000000  0.58350000
 Cr (4)
 0.23810000   0.25000000  0.91650000
 Cr (4)
 0.26190000   0.75000000  0.41650000
 Cr (4)

 0.75010000   0.75000000  0.29370000
 Cr (5)
 0.74990000   0.25000000  0.79370000
 Cr (5)
 0.24990000   0.25000000  0.70630000
 Cr (5)
 0.25010000   0.75000000  0.20630000
 Cr (5)

 0.47120000   0.47090000  0.84280000
 C (1)
 0.02880000   0.52910000  0.34280000
 C (1)
 0.52880000   0.97090000  0.15720000
 C (1)
 0.97120000   0.02910000  0.65720000
 C (1)
 0.52880000   0.52910000  0.15720000
 C (1)
 0.97120000   0.47090000  0.65720000
 C (1)
 0.47120000   0.02910000  0.84280000
 C (1)
 0.02880000   0.97090000  0.34280000
 C (1)

 0.04060000   0.25000000  0.06290000
 C (2)
 0.45940000   0.75000000  0.56290000
 C (2)
 0.95940000   0.75000000  0.93710000
 C (2)
 0.54060000   0.25000000  0.43710000
 C (2)

Cell #3 
  Shift vector:  0.0000   0.5000   0.5000
  Nonequivalent atoms :

 0.44350000   0.06420000  0.81190000
 Cr (1)
 0.05650000   0.93580000  0.31190000
 Cr (1)
 0.55650000   0.56420000  0.18810000
 Cr (1)
 0.94350000   0.43580000  0.68810000
 Cr (1)
 0.55650000   0.93580000  0.18810000
 Cr (1)
 0.94350000   0.06420000  0.68810000
 Cr (1)
 0.44350000   0.43580000  0.81190000
 Cr (1)
 0.05650000   0.56420000  0.31190000
 Cr (1)

 0.05790000   0.75000000  0.12610000
 Cr (2)
 0.44210000   0.25000000  0.62610000
 Cr (2)
 0.94210000   0.25000000  0.87390000
 Cr (2)
 0.55790000   0.75000000  0.37390000
 Cr (2)

 0.25090000   0.93430000  0.52180000
 Cr (3)
 0.24910000   0.06570000  0.02180000
 Cr (3)
 0.74910000   0.43430000  0.47820000
 Cr (3)
 0.75090000   0.56570000  0.97820000
 Cr (3)
 0.74910000   0.06570000  0.47820000
 Cr (3)
 0.75090000   0.93430000  0.97820000
 Cr (3)
 0.25090000   0.56570000  0.52180000
 Cr (3)
 0.24910000   0.43430000  0.02180000
 Cr (3)

 0.76190000   0.75000000  0.58350000
 Cr (4)
 0.73810000   0.25000000  0.08350000
 Cr (4)
 0.23810000   0.25000000  0.41650000
 Cr (4)
 0.26190000   0.75000000  0.91650000
 Cr (4)

 0.75010000   0.75000000  0.79370000
 Cr (5)
 0.74990000   0.25000000  0.29370000
 Cr (5)
 0.24990000   0.25000000  0.20630000
 Cr (5)
 0.25010000   0.75000000  0.70630000
 Cr (5)

 0.47120000   0.47090000  0.34280000
 C (1)
 0.02880000   0.52910000  0.84280000
 C (1)
 0.52880000   0.97090000  0.65720000
 C (1)
 0.97120000   0.02910000  0.15720000
 C (1)
 0.52880000   0.52910000  0.65720000
 C (1)
 0.97120000   0.47090000  0.15720000
 C (1)
 0.47120000   0.02910000  0.34280000
 C (1)
 0.02880000   0.97090000  0.84280000
 C (1)

 0.04060000   0.25000000  0.56290000
 C (2)
 0.45940000   0.75000000  0.06290000
 C (2)
 0.95940000   0.75000000  0.43710000
 C (2)
 0.54060000   0.25000000  0.93710000
 C (2)

Cell #4 
  Shift vector:  0.5000   0.0000   0.0000
  Nonequivalent atoms :

 0.94350000   0.56420000  0.31190000
 Cr (1)
 0.55650000   0.43580000  0.81190000
 Cr (1)
 0.05650000   0.06420000  0.68810000
 Cr (1)
 0.44350000   0.93580000  0.18810000
 Cr (1)
 0.05650000   0.43580000  0.68810000
 Cr (1)
 0.44350000   0.56420000  0.18810000
 Cr (1)
 0.94350000   0.93580000  0.31190000
 Cr (1)
 0.55650000   0.06420000  0.81190000
 Cr (1)

 0.55790000   0.25000000  0.62610000
 Cr (2)
 0.94210000   0.75000000  0.12610000
 Cr (2)
 0.44210000   0.75000000  0.37390000
 Cr (2)
 0.05790000   0.25000000  0.87390000
 Cr (2)

 0.75090000   0.43430000  0.02180000
 Cr (3)
 0.74910000   0.56570000  0.52180000
 Cr (3)
 0.24910000   0.93430000  0.97820000
 Cr (3)
 0.25090000   0.06570000  0.47820000
 Cr (3)
 0.24910000   0.56570000  0.97820000
 Cr (3)
 0.25090000   0.43430000  0.47820000
 Cr (3)
 0.75090000   0.06570000  0.02180000
 Cr (3)
 0.74910000   0.93430000  0.52180000
 Cr (3)

 0.26190000   0.25000000  0.08350000
 Cr (4)
 0.23810000   0.75000000  0.58350000
 Cr (4)
 0.73810000   0.75000000  0.91650000
 Cr (4)
 0.76190000   0.25000000  0.41650000
 Cr (4)

 0.25010000   0.25000000  0.29370000
 Cr (5)
 0.24990000   0.75000000  0.79370000
 Cr (5)
 0.74990000   0.75000000  0.70630000
 Cr (5)
 0.75010000   0.25000000  0.20630000
 Cr (5)

 0.97120000   0.97090000  0.84280000
 C (1)
 0.52880000   0.02910000  0.34280000
 C (1)
 0.02880000   0.47090000  0.15720000
 C (1)
 0.47120000   0.52910000  0.65720000
 C (1)
 0.02880000   0.02910000  0.15720000
 C (1)
 0.47120000   0.97090000  0.65720000
 C (1)
 0.97120000   0.52910000  0.84280000
 C (1)
 0.52880000   0.47090000  0.34280000
 C (1)

 0.54060000   0.75000000  0.06290000
 C (2)
 0.95940000   0.25000000  0.56290000
 C (2)
 0.45940000   0.25000000  0.93710000
 C (2)
 0.04060000   0.75000000  0.43710000
 C (2)

Cell #5 
  Shift vector:  0.5000   0.0000   0.5000
  Nonequivalent atoms :

 0.94350000   0.56420000  0.81190000
 Cr (1)
 0.55650000   0.43580000  0.31190000
 Cr (1)
 0.05650000   0.06420000  0.18810000
 Cr (1)
 0.44350000   0.93580000  0.68810000
 Cr (1)
 0.05650000   0.43580000  0.18810000
 Cr (1)
 0.44350000   0.56420000  0.68810000
 Cr (1)
 0.94350000   0.93580000  0.81190000
 Cr (1)
 0.55650000   0.06420000  0.31190000
 Cr (1)

 0.55790000   0.25000000  0.12610000
 Cr (2)
 0.94210000   0.75000000  0.62610000
 Cr (2)
 0.44210000   0.75000000  0.87390000
 Cr (2)
 0.05790000   0.25000000  0.37390000
 Cr (2)

 0.75090000   0.43430000  0.52180000
 Cr (3)
 0.74910000   0.56570000  0.02180000
 Cr (3)
 0.24910000   0.93430000  0.47820000
 Cr (3)
 0.25090000   0.06570000  0.97820000
 Cr (3)
 0.24910000   0.56570000  0.47820000
 Cr (3)
 0.25090000   0.43430000  0.97820000
 Cr (3)
 0.75090000   0.06570000  0.52180000
 Cr (3)
 0.74910000   0.93430000  0.02180000
 Cr (3)

 0.26190000   0.25000000  0.58350000
 Cr (4)
 0.23810000   0.75000000  0.08350000
 Cr (4)
 0.73810000   0.75000000  0.41650000
 Cr (4)
 0.76190000   0.25000000  0.91650000
 Cr (4)

 0.25010000   0.25000000  0.79370000
 Cr (5)
 0.24990000   0.75000000  0.29370000
 Cr (5)
 0.74990000   0.75000000  0.20630000
 Cr (5)
 0.75010000   0.25000000  0.70630000
 Cr (5)

 0.97120000   0.97090000  0.34280000
 C (1)
 0.52880000   0.02910000  0.84280000
 C (1)
 0.02880000   0.47090000  0.65720000
 C (1)
 0.47120000   0.52910000  0.15720000
 C (1)
 0.02880000   0.02910000  0.65720000
 C (1)
 0.47120000   0.97090000  0.15720000
 C (1)
 0.97120000   0.52910000  0.34280000
 C (1)
 0.52880000   0.47090000  0.84280000
 C (1)

 0.54060000   0.75000000  0.56290000
 C (2)
 0.95940000   0.25000000  0.06290000
 C (2)
 0.45940000   0.25000000  0.43710000
 C (2)
 0.04060000   0.75000000  0.93710000
 C (2)

Cell #6 
  Shift vector:  0.5000   0.5000   0.0000
  Nonequivalent atoms :

 0.94350000   0.06420000  0.31190000
 Cr (1)
 0.55650000   0.93580000  0.81190000
 Cr (1)
 0.05650000   0.56420000  0.68810000
 Cr (1)
 0.44350000   0.43580000  0.18810000
 Cr (1)
 0.05650000   0.93580000  0.68810000
 Cr (1)
 0.44350000   0.06420000  0.18810000
 Cr (1)
 0.94350000   0.43580000  0.31190000
 Cr (1)
 0.55650000   0.56420000  0.81190000
 Cr (1)

 0.55790000   0.75000000  0.62610000
 Cr (2)
 0.94210000   0.25000000  0.12610000
 Cr (2)
 0.44210000   0.25000000  0.37390000
 Cr (2)
 0.05790000   0.75000000  0.87390000
 Cr (2)

 0.75090000   0.93430000  0.02180000
 Cr (3)
 0.74910000   0.06570000  0.52180000
 Cr (3)
 0.24910000   0.43430000  0.97820000
 Cr (3)
 0.25090000   0.56570000  0.47820000
 Cr (3)
 0.24910000   0.06570000  0.97820000
 Cr (3)
 0.25090000   0.93430000  0.47820000
 Cr (3)
 0.75090000   0.56570000  0.02180000
 Cr (3)
 0.74910000   0.43430000  0.52180000
 Cr (3)

 0.26190000   0.75000000  0.08350000
 Cr (4)
 0.23810000   0.25000000  0.58350000
 Cr (4)
 0.73810000   0.25000000  0.91650000
 Cr (4)
 0.76190000   0.75000000  0.41650000
 Cr (4)

 0.25010000   0.75000000  0.29370000
 Cr (5)
 0.24990000   0.25000000  0.79370000
 Cr (5)
 0.74990000   0.25000000  0.70630000
 Cr (5)
 0.75010000   0.75000000  0.20630000
 Cr (5)

 0.97120000   0.47090000  0.84280000
 C (1)
 0.52880000   0.52910000  0.34280000
 C (1)
 0.02880000   0.97090000  0.15720000
 C (1)
 0.47120000   0.02910000  0.65720000
 C (1)
 0.02880000   0.52910000  0.15720000
 C (1)
 0.47120000   0.47090000  0.65720000
 C (1)
 0.97120000   0.02910000  0.84280000
 C (1)
 0.52880000   0.97090000  0.34280000
 C (1)

 0.54060000   0.25000000  0.06290000
 C (2)
 0.95940000   0.75000000  0.56290000
 C (2)
 0.45940000   0.75000000  0.93710000
 C (2)
 0.04060000   0.25000000  0.43710000
 C (2)

Cell #7 
  Shift vector:  0.5000   0.5000   0.5000
  Nonequivalent atoms :

 0.94350000   0.06420000  0.81190000
 Cr (1)
 0.55650000   0.93580000  0.31190000
 Cr (1)
 0.05650000   0.56420000  0.18810000
 Cr (1)
 0.44350000   0.43580000  0.68810000
 Cr (1)
 0.05650000   0.93580000  0.18810000
 Cr (1)
 0.44350000   0.06420000  0.68810000
 Cr (1)
 0.94350000   0.43580000  0.81190000
 Cr (1)
 0.55650000   0.56420000  0.31190000
 Cr (1)

 0.55790000   0.75000000  0.12610000
 Cr (2)
 0.94210000   0.25000000  0.62610000
 Cr (2)
 0.44210000   0.25000000  0.87390000
 Cr (2)
 0.05790000   0.75000000  0.37390000
 Cr (2)

 0.75090000   0.93430000  0.52180000
 Cr (3)
 0.74910000   0.06570000  0.02180000
 Cr (3)
 0.24910000   0.43430000  0.47820000
 Cr (3)
 0.25090000   0.56570000  0.97820000
 Cr (3)
 0.24910000   0.06570000  0.47820000
 Cr (3)
 0.25090000   0.93430000  0.97820000
 Cr (3)
 0.75090000   0.56570000  0.52180000
 Cr (3)
 0.74910000   0.43430000  0.02180000
 Cr (3)

 0.26190000   0.75000000  0.58350000
 Cr (4)
 0.23810000   0.25000000  0.08350000
 Cr (4)
 0.73810000   0.25000000  0.41650000
 Cr (4)
 0.76190000   0.75000000  0.91650000
 Cr (4)

 0.25010000   0.75000000  0.79370000
 Cr (5)
 0.24990000   0.25000000  0.29370000
 Cr (5)
 0.74990000   0.25000000  0.20630000
 Cr (5)
 0.75010000   0.75000000  0.70630000
 Cr (5)

 0.97120000   0.47090000  0.34280000
 C (1)
 0.52880000   0.52910000  0.84280000
 C (1)
 0.02880000   0.97090000  0.65720000
 C (1)
 0.47120000   0.02910000  0.15720000
 C (1)
 0.02880000   0.52910000  0.65720000
 C (1)
 0.47120000   0.47090000  0.15720000
 C (1)
 0.97120000   0.02910000  0.34280000
 C (1)
 0.52880000   0.97090000  0.84280000
 C (1)

 0.54060000   0.25000000  0.56290000
 C (2)
 0.95940000   0.75000000  0.06290000
 C (2)
 0.45940000   0.75000000  0.43710000
 C (2)
 0.04060000   0.25000000  0.93710000
 C (2)
