Bravais lattice: Tetragonal body centred

     a             b            c
 4.33184000    4.33184000   2.48692000
     alpha         beta         gamma
 90.00000013    89.99999987   90.00000000


===== Decomposition of new basis vectors over input basis =====
-1.000000   0.000000  0.000000  <--- 1
 0.000000   1.000000  0.000000  <--- 2
 1.000000   1.000000 -2.000000  <--- 3

==== Number of atoms in cell (only atoms of primitive cell): 4 
==== Atom positions (only atoms of primitive cell):

 0.81967000   0.18033000  0.00000000
 C
 0.18033000   0.81967000  0.00000000
 C
 0.81967000   0.81967000  0.00000000
 C
 0.18033000   0.18033000  0.00000000
 C

==== Number of nonequivalent sorts: 1
==== Nonequivalent atoms, point group for each sort: ====

Sort number: 1
  Names of point group: mm2    mm2    C2v
  New basis vectors for this point group:
    0.0000   0.0000  1.0000  <--- 1
   -1.0000  -1.0000  0.0000  <--- 2
    1.0000  -1.0000  0.0000  <--- 3

  Atom positions: 4
   0.81967000   0.18033000  0.00000000
   C
   0.18033000   0.81967000  0.00000000
   C
   0.81967000   0.81967000  0.00000000
   C
   0.18033000   0.18033000  0.00000000
   C

======================================================================

Number and name of space group: 139 (I 4/m m m)
- Short - Full - Schoenflies - names of point group:
 4/mmm   4/m 2/m 2/m    D4h

Number of symmetry operations: 16
Operation: 1
 1.0   0.0   0.0  0.000
 0.0   1.0   0.0  0.000
 0.0   0.0   1.0  0.000

Operation: 2
-1.0   0.0   0.0  0.000
 0.0  -1.0   0.0  0.000
 0.0   0.0   1.0  0.000

Operation: 3
 0.0  -1.0   0.0  0.000
 1.0   0.0   0.0  0.000
 0.0   0.0   1.0  0.000

Operation: 4
 0.0   1.0   0.0  0.000
-1.0   0.0   0.0  0.000
 0.0   0.0   1.0  0.000

Operation: 5
-1.0   0.0   0.0  0.000
 0.0   1.0   0.0  0.000
 0.0   0.0  -1.0  0.000

Operation: 6
 1.0   0.0   0.0  0.000
 0.0  -1.0   0.0  0.000
 0.0   0.0  -1.0  0.000

Operation: 7
 0.0   1.0   0.0  0.000
 1.0   0.0   0.0  0.000
 0.0   0.0  -1.0  0.000

Operation: 8
 0.0  -1.0   0.0  0.000
-1.0   0.0   0.0  0.000
 0.0   0.0  -1.0  0.000

Operation: 9
-1.0   0.0   0.0  0.000
 0.0  -1.0   0.0  0.000
 0.0   0.0  -1.0  0.000

Operation: 10
 1.0   0.0   0.0  0.000
 0.0   1.0   0.0  0.000
 0.0   0.0  -1.0  0.000

Operation: 11
 0.0   1.0   0.0  0.000
-1.0   0.0   0.0  0.000
 0.0   0.0  -1.0  0.000

Operation: 12
 0.0  -1.0   0.0  0.000
 1.0   0.0   0.0  0.000
 0.0   0.0  -1.0  0.000

Operation: 13
 1.0   0.0   0.0  0.000
 0.0  -1.0   0.0  0.000
 0.0   0.0   1.0  0.000

Operation: 14
-1.0   0.0   0.0  0.000
 0.0   1.0   0.0  0.000
 0.0   0.0   1.0  0.000

Operation: 15
 0.0  -1.0   0.0  0.000
-1.0   0.0   0.0  0.000
 0.0   0.0   1.0  0.000

Operation: 16
 0.0   1.0   0.0  0.000
 1.0   0.0   0.0  0.000
 0.0   0.0   1.0  0.000

============================================================

===== Number of possible shift vectors: 2 =====
===== List of shift vectors:
 0.0000   0.0000   0.0000
 0.0000   0.0000   0.5000

List of shifted cells:

Cell #1 
  Shift vector:  0.0000   0.0000   0.5000
  Nonequivalent atoms :

 0.81967000   0.18033000  0.50000000
 C
 0.18033000   0.81967000  0.50000000
 C
 0.81967000   0.81967000  0.50000000
 C
 0.18033000   0.18033000  0.50000000
 C
