Bravais lattice: Rhombohedral [hexagonal setting

     a             b            c
 4.98031594    4.98031594   17.01868854
     alpha         beta         gamma
 89.99999999    90.00000001   119.99999996


===== Decomposition of new basis vectors over input basis =====
-1.000000   0.000000  1.000000  <--- 1
 1.000000  -1.000000  0.000000  <--- 2
 1.000000   1.000000  1.000000  <--- 3

==== Number of atoms in cell (only atoms of primitive cell): 10 
==== Atom positions (only atoms of primitive cell):

 0.00000000   0.00000000  0.25000000
 C
 0.00000000   0.00000000  0.75000000
 C

 0.00000000   0.00000000  0.50000000
 Ca
 0.00000000   0.00000000  0.00000000
 Ca

 0.00000000   0.24300000  0.25000000
 O
 0.75700000   0.75700000  0.25000000
 O
 0.24300000   0.00000000  0.25000000
 O
 0.00000000   0.75700000  0.75000000
 O
 0.24300000   0.24300000  0.75000000
 O
 0.75700000   0.00000000  0.75000000
 O

==== Number of nonequivalent sorts: 3
==== Nonequivalent atoms, point group for each sort: ====

Sort number: 1
  Names of point group: 321    321    D3
  New basis vectors for this point group:
    1.0000   0.0000  0.0000  <--- 1
    0.0000   1.0000  0.0000  <--- 2
    0.0000   0.0000  1.0000  <--- 3

  Atom positions: 2
   0.00000000   0.00000000  0.25000000
   C
   0.00000000   0.00000000  0.75000000
   C

Sort number: 2
  Names of point group: -3    -3      C3i
  New basis vectors for this point group:
    1.0000   0.0000  0.0000  <--- 1
    0.0000   1.0000  0.0000  <--- 2
    0.0000   0.0000  1.0000  <--- 3

  Atom positions: 2
   0.00000000   0.00000000  0.50000000
   Ca
   0.00000000   0.00000000  0.00000000
   Ca

Sort number: 3
  Names of point group: 2      2      C2
  New basis vectors for this point group:
    0.0000   0.0000 -1.0000  <--- 1
   -0.6667  -0.3333  0.6667  <--- 2
    0.0000   1.0000  0.0000  <--- 3

  Atom positions: 6
   0.00000000   0.24300000  0.25000000
   O
   0.75700000   0.75700000  0.25000000
   O
   0.24300000   0.00000000  0.25000000
   O
   0.00000000   0.75700000  0.75000000
   O
   0.24300000   0.24300000  0.75000000
   O
   0.75700000   0.00000000  0.75000000
   O

======================================================================

Number and name of space group: 167 (R -3 c) [h axes]
- Short - Full - Schoenflies - names of point group:
 -3m1  -3 2/m 1    D3d

Number of symmetry operations: 12
Operation: 1
 1.0   0.0   0.0  0.000
 0.0   1.0   0.0  0.000
 0.0   0.0   1.0  0.000

Operation: 2
 0.0  -1.0   0.0  0.000
 1.0  -1.0   0.0  0.000
 0.0   0.0   1.0  0.000

Operation: 3
-1.0   1.0   0.0  0.000
-1.0   0.0   0.0  0.000
 0.0   0.0   1.0  0.000

Operation: 4
 0.0   1.0   0.0  0.000
 1.0   0.0   0.0  0.000
 0.0   0.0  -1.0  0.500

Operation: 5
 1.0  -1.0   0.0  0.000
 0.0  -1.0   0.0  0.000
 0.0   0.0  -1.0  0.500

Operation: 6
-1.0   0.0   0.0  0.000
-1.0   1.0   0.0  0.000
 0.0   0.0  -1.0  0.500

Operation: 7
-1.0   0.0   0.0  0.000
 0.0  -1.0   0.0  0.000
 0.0   0.0  -1.0  0.000

Operation: 8
 0.0   1.0   0.0  0.000
-1.0   1.0   0.0  0.000
 0.0   0.0  -1.0  0.000

Operation: 9
 1.0  -1.0   0.0  0.000
 1.0   0.0   0.0  0.000
 0.0   0.0  -1.0  0.000

Operation: 10
 0.0  -1.0   0.0  0.000
-1.0   0.0   0.0  0.000
 0.0   0.0   1.0  0.500

Operation: 11
-1.0   1.0   0.0  0.000
 0.0   1.0   0.0  0.000
 0.0   0.0   1.0  0.500

Operation: 12
 1.0   0.0   0.0  0.000
 1.0  -1.0   0.0  0.000
 0.0   0.0   1.0  0.500

============================================================

===== Number of possible shift vectors: 2 =====
===== List of shift vectors:
 0.0000   0.0000   0.0000
 0.0000   0.0000   0.5000

List of shifted cells:

Cell #1 
  Shift vector:  0.0000   0.0000   0.5000
  Nonequivalent atoms :

 0.00000000   0.00000000  0.75000000
 C
 0.00000000   0.00000000  0.25000000
 C

 0.00000000   0.00000000  0.00000000
 Ca
 0.00000000   0.00000000  0.50000000
 Ca

 0.00000000   0.24300000  0.75000000
 O
 0.75700000   0.75700000  0.75000000
 O
 0.24300000   0.00000000  0.75000000
 O
 0.00000000   0.75700000  0.25000000
 O
 0.24300000   0.24300000  0.25000000
 O
 0.75700000   0.00000000  0.25000000
 O
