Bravais lattice: Monoclinic A-base centred

     a             b            c
 5.10799854    4.65300001   3.41000001
     alpha         beta         gamma
 90.00000000    90.00000000   99.48336273


===== Decomposition of new basis vectors over input basis =====
 0.000000   0.000000 -1.000000  <--- 1
-1.000000  -1.000000  0.000000  <--- 2
-1.000000   1.000000  0.000000  <--- 3

==== Number of atoms in cell (only atoms of primitive cell): 4 
==== Atom positions (only atoms of primitive cell):

 0.50000100   0.25000000  0.25000000
 Cr
 0.00000000   0.75000000  0.25000000
 Cr

 0.75000100   0.50000000  0.41600000
 O
 0.24999900   0.50000000  0.58400000
 O

==== Number of nonequivalent sorts: 2
==== Nonequivalent atoms, point group for each sort: ====

Sort number: 1
  Names of point group: -1    -1      Ci
  New basis vectors for this point group:
    1.0000   0.0000  0.0000  <--- 1
    0.0000   1.0000  0.0000  <--- 2
    0.0000   0.0000  1.0000  <--- 3

  Atom positions: 2
   0.50000100   0.25000000  0.25000000
   Cr
   0.00000000   0.75000000  0.25000000
   Cr

Sort number: 2
  Names of point group: 2      2      C2
  New basis vectors for this point group:
    1.0000   0.0000  0.0000  <--- 1
    0.0000   1.0000  0.0000  <--- 2
    0.0000   0.0000  1.0000  <--- 3

  Atom positions: 2
   0.75000100   0.50000000  0.41600000
   O
   0.24999900   0.50000000  0.58400000
   O

======================================================================

Number and name of space group: 15 (C 2/c) [unique axis c] cell choice 1
- Short - Full - Schoenflies - names of point group:
 2/m    2/m    C2h

Number of symmetry operations: 4
Operation: 1
 1.0   0.0   0.0  0.000
 0.0   1.0   0.0  0.000
 0.0   0.0   1.0  0.000

Operation: 2
-1.0   0.0   0.0  0.500
 0.0  -1.0   0.0  0.000
 0.0   0.0   1.0  0.000

Operation: 3
-1.0   0.0   0.0  0.000
 0.0  -1.0   0.0  0.000
 0.0   0.0  -1.0  0.000

Operation: 4
 1.0   0.0   0.0  0.500
 0.0   1.0   0.0  0.000
 0.0   0.0  -1.0  0.000

============================================================

===== Number of possible shift vectors: 4 =====
===== List of shift vectors:
 0.0000   0.0000   0.0000
 0.0000   0.0000   0.5000
 0.5000   0.0000   0.0000
 0.5000   0.0000   0.5000

List of shifted cells:

Cell #1 
  Shift vector:  0.0000   0.0000   0.5000
  Nonequivalent atoms :

 0.50000100   0.25000000  0.75000000
 Cr
 0.00000000   0.75000000  0.75000000
 Cr

 0.75000100   0.50000000  0.91600000
 O
 0.24999900   0.50000000  0.08400000
 O

Cell #2 
  Shift vector:  0.5000   0.0000   0.0000
  Nonequivalent atoms :

 0.00000000   0.25000000  0.25000000
 Cr
 0.50000000   0.75000000  0.25000000
 Cr

 0.25000100   0.50000000  0.41600000
 O
 0.74999900   0.50000000  0.58400000
 O

Cell #3 
  Shift vector:  0.5000   0.0000   0.5000
  Nonequivalent atoms :

 0.00000000   0.25000000  0.75000000
 Cr
 0.50000000   0.75000000  0.75000000
 Cr

 0.25000100   0.50000000  0.91600000
 O
 0.74999900   0.50000000  0.08400000
 O
