Bravais lattice: Tetragonal primitive

     a             b            c
 4.15800000    4.15800000   3.59400000
     alpha         beta         gamma
 90.00000000    90.00000000   90.00000000


===== Decomposition of new basis vectors over input basis =====
 1.000000   0.000000  0.000000  <--- 1
 0.000000   1.000000  0.000000  <--- 2
 0.000000   0.000000  1.000000  <--- 3

==== Number of atoms in cell: 4
==== Atom positions:

 0.00000000   0.00000000  0.00000000
 Cu

 0.50000000   0.50000000  0.00000000
 Ti
 0.00000000   0.50000000  0.50000000
 Ti
 0.50000000   0.00000000  0.50000000
 Ti

==== Number of nonequivalent sorts: 3
==== Nonequivalent atoms, point group for each sort: ====

Sort number: 1
  Names of point group: 4/mmm   4/m 2/m 2/m    D4h
  New basis vectors for this point group:
    1.0000   0.0000  0.0000  <--- 1
    0.0000   1.0000  0.0000  <--- 2
    0.0000   0.0000  1.0000  <--- 3

  Atom positions: 1
   0.00000000   0.00000000  0.00000000
   Cu

Sort number: 2
  Names of point group: 4/mmm   4/m 2/m 2/m    D4h
  New basis vectors for this point group:
    1.0000   0.0000  0.0000  <--- 1
    0.0000   1.0000  0.0000  <--- 2
    0.0000   0.0000  1.0000  <--- 3

  Atom positions: 1
   0.50000000   0.50000000  0.00000000
   Ti (1)

Sort number: 3
  Names of point group: mmm    2/m 2/m 2/m   D2h
  New basis vectors for this point group:
    1.0000   0.0000  0.0000  <--- 1
    0.0000   1.0000  0.0000  <--- 2
    0.0000   0.0000  1.0000  <--- 3

  Atom positions: 2
   0.00000000   0.50000000  0.50000000
   Ti (2)
   0.50000000   0.00000000  0.50000000
   Ti (2)

======================================================================

Number and name of space group: 123 (P 4/m m m) 
- Short - Full - Schoenflies - names of point group:
 4/mmm   4/m 2/m 2/m    D4h

Number of symmetry operations: 16
Operation: 1
 1.0   0.0   0.0  0.000
 0.0   1.0   0.0  0.000
 0.0   0.0   1.0  0.000

Operation: 2
-1.0   0.0   0.0  0.000
 0.0  -1.0   0.0  0.000
 0.0   0.0   1.0  0.000

Operation: 3
 0.0  -1.0   0.0  0.000
 1.0   0.0   0.0  0.000
 0.0   0.0   1.0  0.000

Operation: 4
 0.0   1.0   0.0  0.000
-1.0   0.0   0.0  0.000
 0.0   0.0   1.0  0.000

Operation: 5
-1.0   0.0   0.0  0.000
 0.0   1.0   0.0  0.000
 0.0   0.0  -1.0  0.000

Operation: 6
 1.0   0.0   0.0  0.000
 0.0  -1.0   0.0  0.000
 0.0   0.0  -1.0  0.000

Operation: 7
 0.0   1.0   0.0  0.000
 1.0   0.0   0.0  0.000
 0.0   0.0  -1.0  0.000

Operation: 8
 0.0  -1.0   0.0  0.000
-1.0   0.0   0.0  0.000
 0.0   0.0  -1.0  0.000

Operation: 9
-1.0   0.0   0.0  0.000
 0.0  -1.0   0.0  0.000
 0.0   0.0  -1.0  0.000

Operation: 10
 1.0   0.0   0.0  0.000
 0.0   1.0   0.0  0.000
 0.0   0.0  -1.0  0.000

Operation: 11
 0.0   1.0   0.0  0.000
-1.0   0.0   0.0  0.000
 0.0   0.0  -1.0  0.000

Operation: 12
 0.0  -1.0   0.0  0.000
 1.0   0.0   0.0  0.000
 0.0   0.0  -1.0  0.000

Operation: 13
 1.0   0.0   0.0  0.000
 0.0  -1.0   0.0  0.000
 0.0   0.0   1.0  0.000

Operation: 14
-1.0   0.0   0.0  0.000
 0.0   1.0   0.0  0.000
 0.0   0.0   1.0  0.000

Operation: 15
 0.0  -1.0   0.0  0.000
-1.0   0.0   0.0  0.000
 0.0   0.0   1.0  0.000

Operation: 16
 0.0   1.0   0.0  0.000
 1.0   0.0   0.0  0.000
 0.0   0.0   1.0  0.000

============================================================

===== Number of possible shift vectors: 4 =====
===== List of shift vectors:
 0.0000   0.0000   0.0000
 0.0000   0.0000   0.5000
 0.5000   0.5000   0.0000
 0.5000   0.5000   0.5000

List of shifted cells:

Cell #1 
  Shift vector:  0.0000   0.0000   0.5000
  Nonequivalent atoms :

 0.00000000   0.00000000  0.50000000
 Cu

 0.50000000   0.50000000  0.50000000
 Ti (1)

 0.00000000   0.50000000  0.00000000
 Ti (2)
 0.50000000   0.00000000  0.00000000
 Ti (2)

Cell #2 
  Shift vector:  0.5000   0.5000   0.0000
  Nonequivalent atoms :

 0.50000000   0.50000000  0.00000000
 Cu

 0.00000000   0.00000000  0.00000000
 Ti (1)

 0.50000000   0.00000000  0.50000000
 Ti (2)
 0.00000000   0.50000000  0.50000000
 Ti (2)

Cell #3 
  Shift vector:  0.5000   0.5000   0.5000
  Nonequivalent atoms :

 0.50000000   0.50000000  0.50000000
 Cu

 0.00000000   0.00000000  0.50000000
 Ti (1)

 0.50000000   0.00000000  0.00000000
 Ti (2)
 0.00000000   0.50000000  0.00000000
 Ti (2)
