Bravais lattice: Hexagonal

     a             b            c
 5.27500000    5.27500000   4.23400000
     alpha         beta         gamma
 90.00000000    90.00000000   120.00000000


===== Decomposition of new basis vectors over input basis =====
 1.000000   0.000000  0.000000  <--- 1
 0.000000   1.000000  0.000000  <--- 2
 0.000000   0.000000  1.000000  <--- 3

==== Number of atoms in cell: 8
==== Atom positions:

 0.83299967   0.66600033  0.75000000
 Ni
 0.33399967   0.16699933  0.75000000
 Ni
 0.83300067   0.16700033  0.75000000
 Ni
 0.16700033   0.33399967  0.25000000
 Ni
 0.66600033   0.83300067  0.25000000
 Ni
 0.16699933   0.83299967  0.25000000
 Ni

 0.66666667   0.33333333  0.25000000
 Sn
 0.33333333   0.66666667  0.75000000
 Sn

==== Number of nonequivalent sorts: 2
==== Nonequivalent atoms, point group for each sort: ====

Sort number: 1
  Names of point group: mm2    mm2    C2v
  New basis vectors for this point group:
    0.0000   0.0000  1.0000  <--- 1
    1.0000   0.0000  0.0000  <--- 2
    1.0000   2.0000  0.0000  <--- 3

  Atom positions: 6
   0.83299967   0.66600033  0.75000000
   Ni
   0.33399967   0.16699933  0.75000000
   Ni
   0.83300067   0.16700033  0.75000000
   Ni
   0.16700033   0.33399967  0.25000000
   Ni
   0.66600033   0.83300067  0.25000000
   Ni
   0.16699933   0.83299967  0.25000000
   Ni

Sort number: 2
  Names of point group: -6m2  -6m2    D3h
  New basis vectors for this point group:
    1.0000   0.0000  0.0000  <--- 1
    0.0000   1.0000  0.0000  <--- 2
    0.0000   0.0000  1.0000  <--- 3

  Atom positions: 2
   0.66666667   0.33333333  0.25000000
   Sn
   0.33333333   0.66666667  0.75000000
   Sn

======================================================================

Number and name of space group: 194 (P 63/m m c)
- Short - Full - Schoenflies - names of point group:
 6/mmm  6/m 2/m 2/m     D6h

Number of symmetry operations: 24
Operation: 1
 1.0   0.0   0.0  0.000
 0.0   1.0   0.0  0.000
 0.0   0.0   1.0  0.000

Operation: 2
 0.0  -1.0   0.0  0.000
 1.0  -1.0   0.0  0.000
 0.0   0.0   1.0  0.000

Operation: 3
-1.0   1.0   0.0  0.000
-1.0   0.0   0.0  0.000
 0.0   0.0   1.0  0.000

Operation: 4
-1.0   0.0   0.0  0.000
 0.0  -1.0   0.0  0.000
 0.0   0.0   1.0  0.500

Operation: 5
 0.0   1.0   0.0  0.000
-1.0   1.0   0.0  0.000
 0.0   0.0   1.0  0.500

Operation: 6
 1.0  -1.0   0.0  0.000
 1.0   0.0   0.0  0.000
 0.0   0.0   1.0  0.500

Operation: 7
 0.0   1.0   0.0  0.000
 1.0   0.0   0.0  0.000
 0.0   0.0  -1.0  0.000

Operation: 8
 1.0  -1.0   0.0  0.000
 0.0  -1.0   0.0  0.000
 0.0   0.0  -1.0  0.000

Operation: 9
-1.0   0.0   0.0  0.000
-1.0   1.0   0.0  0.000
 0.0   0.0  -1.0  0.000

Operation: 10
 0.0  -1.0   0.0  0.000
-1.0   0.0   0.0  0.000
 0.0   0.0  -1.0  0.500

Operation: 11
-1.0   1.0   0.0  0.000
 0.0   1.0   0.0  0.000
 0.0   0.0  -1.0  0.500

Operation: 12
 1.0   0.0   0.0  0.000
 1.0  -1.0   0.0  0.000
 0.0   0.0  -1.0  0.500

Operation: 13
-1.0   0.0   0.0  0.000
 0.0  -1.0   0.0  0.000
 0.0   0.0  -1.0  0.000

Operation: 14
 0.0   1.0   0.0  0.000
-1.0   1.0   0.0  0.000
 0.0   0.0  -1.0  0.000

Operation: 15
 1.0  -1.0   0.0  0.000
 1.0   0.0   0.0  0.000
 0.0   0.0  -1.0  0.000

Operation: 16
 1.0   0.0   0.0  0.000
 0.0   1.0   0.0  0.000
 0.0   0.0  -1.0  0.500

Operation: 17
 0.0  -1.0   0.0  0.000
 1.0  -1.0   0.0  0.000
 0.0   0.0  -1.0  0.500

Operation: 18
-1.0   1.0   0.0  0.000
-1.0   0.0   0.0  0.000
 0.0   0.0  -1.0  0.500

Operation: 19
 0.0  -1.0   0.0  0.000
-1.0   0.0   0.0  0.000
 0.0   0.0   1.0  0.000

Operation: 20
-1.0   1.0   0.0  0.000
 0.0   1.0   0.0  0.000
 0.0   0.0   1.0  0.000

Operation: 21
 1.0   0.0   0.0  0.000
 1.0  -1.0   0.0  0.000
 0.0   0.0   1.0  0.000

Operation: 22
 0.0   1.0   0.0  0.000
 1.0   0.0   0.0  0.000
 0.0   0.0   1.0  0.500

Operation: 23
 1.0  -1.0   0.0  0.000
 0.0  -1.0   0.0  0.000
 0.0   0.0   1.0  0.500

Operation: 24
-1.0   0.0   0.0  0.000
-1.0   1.0   0.0  0.000
 0.0   0.0   1.0  0.500

============================================================

===== Number of possible shift vectors: 2 =====
===== List of shift vectors:
 0.0000   0.0000   0.0000
 0.0000   0.0000   0.5000

List of shifted cells:

Cell #1 
  Shift vector:  0.0000   0.0000   0.5000
  Nonequivalent atoms :

 0.83299967   0.66600033  0.25000000
 Ni
 0.33399967   0.16699933  0.25000000
 Ni
 0.83300067   0.16700033  0.25000000
 Ni
 0.16700033   0.33399967  0.75000000
 Ni
 0.66600033   0.83300067  0.75000000
 Ni
 0.16699933   0.83299967  0.75000000
 Ni

 0.66666667   0.33333333  0.75000000
 Sn
 0.33333333   0.66666667  0.25000000
 Sn
