Bravais lattice: Orthorhombic primitive

     a             b            c
 5.09000000    6.74800000   4.52300000
     alpha         beta         gamma
 90.00000000    90.00000000   90.00000000


===== Decomposition of new basis vectors over input basis =====
 1.000000   0.000000  0.000000  <--- 1
 0.000000   1.000000  0.000000  <--- 2
 0.000000   0.000000  1.000000  <--- 3

==== Number of atoms in cell: 16
==== Atom positions:

 0.39000000   0.25000000  0.45000000
 C
 0.11000000   0.75000000  0.95000000
 C
 0.61000000   0.75000000  0.55000000
 C
 0.89000000   0.25000000  0.05000000
 C

 0.68600000   0.06300000  0.32800000
 Fe
 0.81400000   0.93700000  0.82800000
 Fe
 0.31400000   0.56300000  0.67200000
 Fe
 0.18600000   0.43700000  0.17200000
 Fe
 0.31400000   0.93700000  0.67200000
 Fe
 0.18600000   0.06300000  0.17200000
 Fe
 0.68600000   0.43700000  0.32800000
 Fe
 0.81400000   0.56300000  0.82800000
 Fe
 0.03600000   0.25000000  0.64800000
 Fe
 0.46400000   0.75000000  0.14800000
 Fe
 0.96400000   0.75000000  0.35200000
 Fe
 0.53600000   0.25000000  0.85200000
 Fe

==== Number of nonequivalent sorts: 3
==== Nonequivalent atoms, point group for each sort: ====

Sort number: 1
  Names of point group: m      m      Cs
  New basis vectors for this point group:
    1.0000   0.0000  0.0000  <--- 1
    0.0000   0.0000 -1.0000  <--- 2
    0.0000   1.0000  0.0000  <--- 3

  Atom positions: 4
   0.39000000   0.25000000  0.45000000
   C
   0.11000000   0.75000000  0.95000000
   C
   0.61000000   0.75000000  0.55000000
   C
   0.89000000   0.25000000  0.05000000
   C

Sort number: 2
  Names of point group: 1      1      C1
  New basis vectors for this point group:
    1.0000   0.0000  0.0000  <--- 1
    0.0000   1.0000  0.0000  <--- 2
    0.0000   0.0000  1.0000  <--- 3

  Atom positions: 8
   0.68600000   0.06300000  0.32800000
   Fe (1)
   0.81400000   0.93700000  0.82800000
   Fe (1)
   0.31400000   0.56300000  0.67200000
   Fe (1)
   0.18600000   0.43700000  0.17200000
   Fe (1)
   0.31400000   0.93700000  0.67200000
   Fe (1)
   0.18600000   0.06300000  0.17200000
   Fe (1)
   0.68600000   0.43700000  0.32800000
   Fe (1)
   0.81400000   0.56300000  0.82800000
   Fe (1)

Sort number: 3
  Names of point group: m      m      Cs
  New basis vectors for this point group:
    1.0000   0.0000  0.0000  <--- 1
    0.0000   0.0000 -1.0000  <--- 2
    0.0000   1.0000  0.0000  <--- 3

  Atom positions: 4
   0.03600000   0.25000000  0.64800000
   Fe (2)
   0.46400000   0.75000000  0.14800000
   Fe (2)
   0.96400000   0.75000000  0.35200000
   Fe (2)
   0.53600000   0.25000000  0.85200000
   Fe (2)

======================================================================

Number and name of space group: 62 (P n m a)
- Short - Full - Schoenflies - names of point group:
 mmm    2/m 2/m 2/m   D2h

Number of symmetry operations: 8
Operation: 1
 1.0   0.0   0.0  0.000
 0.0   1.0   0.0  0.000
 0.0   0.0   1.0  0.000

Operation: 2
-1.0   0.0   0.0  0.500
 0.0  -1.0   0.0  0.000
 0.0   0.0   1.0  0.500

Operation: 3
-1.0   0.0   0.0  0.000
 0.0   1.0   0.0  0.500
 0.0   0.0  -1.0  0.000

Operation: 4
 1.0   0.0   0.0  0.500
 0.0  -1.0   0.0  0.500
 0.0   0.0  -1.0  0.500

Operation: 5
-1.0   0.0   0.0  0.000
 0.0  -1.0   0.0  0.000
 0.0   0.0  -1.0  0.000

Operation: 6
 1.0   0.0   0.0  0.500
 0.0   1.0   0.0  0.000
 0.0   0.0  -1.0  0.500

Operation: 7
 1.0   0.0   0.0  0.000
 0.0  -1.0   0.0  0.500
 0.0   0.0   1.0  0.000

Operation: 8
-1.0   0.0   0.0  0.500
 0.0   1.0   0.0  0.500
 0.0   0.0   1.0  0.500

============================================================

===== Number of possible shift vectors: 8 =====
===== List of shift vectors:
 0.0000   0.0000   0.0000
 0.0000   0.0000   0.5000
 0.0000   0.5000   0.0000
 0.0000   0.5000   0.5000
 0.5000   0.0000   0.0000
 0.5000   0.0000   0.5000
 0.5000   0.5000   0.0000
 0.5000   0.5000   0.5000

List of shifted cells:

Cell #1 
  Shift vector:  0.0000   0.0000   0.5000
  Nonequivalent atoms :

 0.39000000   0.25000000  0.95000000
 C
 0.11000000   0.75000000  0.45000000
 C
 0.61000000   0.75000000  0.05000000
 C
 0.89000000   0.25000000  0.55000000
 C

 0.68600000   0.06300000  0.82800000
 Fe (1)
 0.81400000   0.93700000  0.32800000
 Fe (1)
 0.31400000   0.56300000  0.17200000
 Fe (1)
 0.18600000   0.43700000  0.67200000
 Fe (1)
 0.31400000   0.93700000  0.17200000
 Fe (1)
 0.18600000   0.06300000  0.67200000
 Fe (1)
 0.68600000   0.43700000  0.82800000
 Fe (1)
 0.81400000   0.56300000  0.32800000
 Fe (1)

 0.03600000   0.25000000  0.14800000
 Fe (2)
 0.46400000   0.75000000  0.64800000
 Fe (2)
 0.96400000   0.75000000  0.85200000
 Fe (2)
 0.53600000   0.25000000  0.35200000
 Fe (2)

Cell #2 
  Shift vector:  0.0000   0.5000   0.0000
  Nonequivalent atoms :

 0.39000000   0.75000000  0.45000000
 C
 0.11000000   0.25000000  0.95000000
 C
 0.61000000   0.25000000  0.55000000
 C
 0.89000000   0.75000000  0.05000000
 C

 0.68600000   0.56300000  0.32800000
 Fe (1)
 0.81400000   0.43700000  0.82800000
 Fe (1)
 0.31400000   0.06300000  0.67200000
 Fe (1)
 0.18600000   0.93700000  0.17200000
 Fe (1)
 0.31400000   0.43700000  0.67200000
 Fe (1)
 0.18600000   0.56300000  0.17200000
 Fe (1)
 0.68600000   0.93700000  0.32800000
 Fe (1)
 0.81400000   0.06300000  0.82800000
 Fe (1)

 0.03600000   0.75000000  0.64800000
 Fe (2)
 0.46400000   0.25000000  0.14800000
 Fe (2)
 0.96400000   0.25000000  0.35200000
 Fe (2)
 0.53600000   0.75000000  0.85200000
 Fe (2)

Cell #3 
  Shift vector:  0.0000   0.5000   0.5000
  Nonequivalent atoms :

 0.39000000   0.75000000  0.95000000
 C
 0.11000000   0.25000000  0.45000000
 C
 0.61000000   0.25000000  0.05000000
 C
 0.89000000   0.75000000  0.55000000
 C

 0.68600000   0.56300000  0.82800000
 Fe (1)
 0.81400000   0.43700000  0.32800000
 Fe (1)
 0.31400000   0.06300000  0.17200000
 Fe (1)
 0.18600000   0.93700000  0.67200000
 Fe (1)
 0.31400000   0.43700000  0.17200000
 Fe (1)
 0.18600000   0.56300000  0.67200000
 Fe (1)
 0.68600000   0.93700000  0.82800000
 Fe (1)
 0.81400000   0.06300000  0.32800000
 Fe (1)

 0.03600000   0.75000000  0.14800000
 Fe (2)
 0.46400000   0.25000000  0.64800000
 Fe (2)
 0.96400000   0.25000000  0.85200000
 Fe (2)
 0.53600000   0.75000000  0.35200000
 Fe (2)

Cell #4 
  Shift vector:  0.5000   0.0000   0.0000
  Nonequivalent atoms :

 0.89000000   0.25000000  0.45000000
 C
 0.61000000   0.75000000  0.95000000
 C
 0.11000000   0.75000000  0.55000000
 C
 0.39000000   0.25000000  0.05000000
 C

 0.18600000   0.06300000  0.32800000
 Fe (1)
 0.31400000   0.93700000  0.82800000
 Fe (1)
 0.81400000   0.56300000  0.67200000
 Fe (1)
 0.68600000   0.43700000  0.17200000
 Fe (1)
 0.81400000   0.93700000  0.67200000
 Fe (1)
 0.68600000   0.06300000  0.17200000
 Fe (1)
 0.18600000   0.43700000  0.32800000
 Fe (1)
 0.31400000   0.56300000  0.82800000
 Fe (1)

 0.53600000   0.25000000  0.64800000
 Fe (2)
 0.96400000   0.75000000  0.14800000
 Fe (2)
 0.46400000   0.75000000  0.35200000
 Fe (2)
 0.03600000   0.25000000  0.85200000
 Fe (2)

Cell #5 
  Shift vector:  0.5000   0.0000   0.5000
  Nonequivalent atoms :

 0.89000000   0.25000000  0.95000000
 C
 0.61000000   0.75000000  0.45000000
 C
 0.11000000   0.75000000  0.05000000
 C
 0.39000000   0.25000000  0.55000000
 C

 0.18600000   0.06300000  0.82800000
 Fe (1)
 0.31400000   0.93700000  0.32800000
 Fe (1)
 0.81400000   0.56300000  0.17200000
 Fe (1)
 0.68600000   0.43700000  0.67200000
 Fe (1)
 0.81400000   0.93700000  0.17200000
 Fe (1)
 0.68600000   0.06300000  0.67200000
 Fe (1)
 0.18600000   0.43700000  0.82800000
 Fe (1)
 0.31400000   0.56300000  0.32800000
 Fe (1)

 0.53600000   0.25000000  0.14800000
 Fe (2)
 0.96400000   0.75000000  0.64800000
 Fe (2)
 0.46400000   0.75000000  0.85200000
 Fe (2)
 0.03600000   0.25000000  0.35200000
 Fe (2)

Cell #6 
  Shift vector:  0.5000   0.5000   0.0000
  Nonequivalent atoms :

 0.89000000   0.75000000  0.45000000
 C
 0.61000000   0.25000000  0.95000000
 C
 0.11000000   0.25000000  0.55000000
 C
 0.39000000   0.75000000  0.05000000
 C

 0.18600000   0.56300000  0.32800000
 Fe (1)
 0.31400000   0.43700000  0.82800000
 Fe (1)
 0.81400000   0.06300000  0.67200000
 Fe (1)
 0.68600000   0.93700000  0.17200000
 Fe (1)
 0.81400000   0.43700000  0.67200000
 Fe (1)
 0.68600000   0.56300000  0.17200000
 Fe (1)
 0.18600000   0.93700000  0.32800000
 Fe (1)
 0.31400000   0.06300000  0.82800000
 Fe (1)

 0.53600000   0.75000000  0.64800000
 Fe (2)
 0.96400000   0.25000000  0.14800000
 Fe (2)
 0.46400000   0.25000000  0.35200000
 Fe (2)
 0.03600000   0.75000000  0.85200000
 Fe (2)

Cell #7 
  Shift vector:  0.5000   0.5000   0.5000
  Nonequivalent atoms :

 0.89000000   0.75000000  0.95000000
 C
 0.61000000   0.25000000  0.45000000
 C
 0.11000000   0.25000000  0.05000000
 C
 0.39000000   0.75000000  0.55000000
 C

 0.18600000   0.56300000  0.82800000
 Fe (1)
 0.31400000   0.43700000  0.32800000
 Fe (1)
 0.81400000   0.06300000  0.17200000
 Fe (1)
 0.68600000   0.93700000  0.67200000
 Fe (1)
 0.81400000   0.43700000  0.17200000
 Fe (1)
 0.68600000   0.56300000  0.67200000
 Fe (1)
 0.18600000   0.93700000  0.82800000
 Fe (1)
 0.31400000   0.06300000  0.32800000
 Fe (1)

 0.53600000   0.75000000  0.14800000
 Fe (2)
 0.96400000   0.25000000  0.64800000
 Fe (2)
 0.46400000   0.25000000  0.85200000
 Fe (2)
 0.03600000   0.75000000  0.35200000
 Fe (2)
