Bravais lattice: Orthorhombic C-base centred

     a             b            c
 6.67999999    7.43999999   3.72000000
     alpha         beta         gamma
 90.00000000    90.00000000   90.00000000


===== Decomposition of new basis vectors over input basis =====
 1.000000  -1.000000  0.000000  <--- 1
-1.000000  -1.000000  0.000000  <--- 2
 0.000000   0.000000 -1.000000  <--- 3

==== Number of atoms in cell (only atoms of primitive cell): 8 
==== Atom positions (only atoms of primitive cell):

 0.00000000   0.50000000  0.50000000
 Al
 0.00000000   0.75000000  0.00000000
 Al
 0.00000000   0.25000000  0.00000000
 Al

 0.25000000   0.00000000  0.00000000
 Ni
 0.75000000   0.00000000  0.00000000
 Ni
 0.25000000   0.25000000  0.50000000
 Ni
 0.75000000   0.25000000  0.50000000
 Ni
 0.00000000   0.00000000  0.50000000
 Ni

==== Number of nonequivalent sorts: 5
==== Nonequivalent atoms, point group for each sort: ====

Sort number: 1
  Names of point group: mmm    2/m 2/m 2/m   D2h
  New basis vectors for this point group:
    1.0000   0.0000  0.0000  <--- 1
    0.0000   1.0000  0.0000  <--- 2
    0.0000   0.0000  1.0000  <--- 3

  Atom positions: 1
   0.00000000   0.50000000  0.50000000
   Al (1)

Sort number: 2
  Names of point group: mm2    mm2    C2v
  New basis vectors for this point group:
    0.0000   0.0000  1.0000  <--- 1
    1.0000   0.0000  0.0000  <--- 2
    0.0000   1.0000  0.0000  <--- 3

  Atom positions: 2
   0.00000000   0.75000000  0.00000000
   Al (2)
   0.00000000   0.25000000  0.00000000
   Al (2)

Sort number: 3
  Names of point group: mm2    mm2    C2v
  New basis vectors for this point group:
    0.0000   0.0000 -1.0000  <--- 1
    0.0000   1.0000  0.0000  <--- 2
    1.0000   0.0000  0.0000  <--- 3

  Atom positions: 2
   0.25000000   0.00000000  0.00000000
   Ni (1)
   0.75000000   0.00000000  0.00000000
   Ni (1)

Sort number: 4
  Names of point group: 2/m    2/m    C2h
  New basis vectors for this point group:
    0.5000   0.5000  0.0000  <--- 1
   -1.0000   0.0000  0.0000  <--- 2
    0.0000   0.0000  1.0000  <--- 3

  Atom positions: 2
   0.25000000   0.25000000  0.50000000
   Ni (2)
   0.75000000   0.25000000  0.50000000
   Ni (2)

Sort number: 5
  Names of point group: mmm    2/m 2/m 2/m   D2h
  New basis vectors for this point group:
    1.0000   0.0000  0.0000  <--- 1
    0.0000   1.0000  0.0000  <--- 2
    0.0000   0.0000  1.0000  <--- 3

  Atom positions: 1
   0.00000000   0.00000000  0.50000000
   Ni (3)

======================================================================

Number and name of space group: 65 (C m m m)
- Short - Full - Schoenflies - names of point group:
 mmm    2/m 2/m 2/m   D2h

Number of symmetry operations: 8
Operation: 1
 1.0   0.0   0.0  0.000
 0.0   1.0   0.0  0.000
 0.0   0.0   1.0  0.000

Operation: 2
-1.0   0.0   0.0  0.000
 0.0  -1.0   0.0  0.000
 0.0   0.0   1.0  0.000

Operation: 3
-1.0   0.0   0.0  0.000
 0.0   1.0   0.0  0.000
 0.0   0.0  -1.0  0.000

Operation: 4
 1.0   0.0   0.0  0.000
 0.0  -1.0   0.0  0.000
 0.0   0.0  -1.0  0.000

Operation: 5
-1.0   0.0   0.0  0.000
 0.0  -1.0   0.0  0.000
 0.0   0.0  -1.0  0.000

Operation: 6
 1.0   0.0   0.0  0.000
 0.0   1.0   0.0  0.000
 0.0   0.0  -1.0  0.000

Operation: 7
 1.0   0.0   0.0  0.000
 0.0  -1.0   0.0  0.000
 0.0   0.0   1.0  0.000

Operation: 8
-1.0   0.0   0.0  0.000
 0.0   1.0   0.0  0.000
 0.0   0.0   1.0  0.000

============================================================

===== Number of possible shift vectors: 4 =====
===== List of shift vectors:
 0.0000   0.0000   0.0000
 0.0000   0.0000   0.5000
 0.5000   0.0000   0.0000
 0.5000   0.0000   0.5000

List of shifted cells:

Cell #1 
  Shift vector:  0.0000   0.0000   0.5000
  Nonequivalent atoms :

 0.00000000   0.50000000  0.00000000
 Al (1)

 0.00000000   0.75000000  0.50000000
 Al (2)
 0.00000000   0.25000000  0.50000000
 Al (2)

 0.25000000   0.00000000  0.50000000
 Ni (1)
 0.75000000   0.00000000  0.50000000
 Ni (1)

 0.25000000   0.25000000  0.00000000
 Ni (2)
 0.75000000   0.25000000  0.00000000
 Ni (2)

 0.00000000   0.00000000  0.00000000
 Ni (3)

Cell #2 
  Shift vector:  0.5000   0.0000   0.0000
  Nonequivalent atoms :

 0.50000000   0.50000000  0.50000000
 Al (1)

 0.50000000   0.75000000  0.00000000
 Al (2)
 0.50000000   0.25000000  0.00000000
 Al (2)

 0.75000000   0.00000000  0.00000000
 Ni (1)
 0.25000000   0.00000000  0.00000000
 Ni (1)

 0.75000000   0.25000000  0.50000000
 Ni (2)
 0.25000000   0.25000000  0.50000000
 Ni (2)

 0.50000000   0.00000000  0.50000000
 Ni (3)

Cell #3 
  Shift vector:  0.5000   0.0000   0.5000
  Nonequivalent atoms :

 0.50000000   0.50000000  0.00000000
 Al (1)

 0.50000000   0.75000000  0.50000000
 Al (2)
 0.50000000   0.25000000  0.50000000
 Al (2)

 0.75000000   0.00000000  0.50000000
 Ni (1)
 0.25000000   0.00000000  0.50000000
 Ni (1)

 0.75000000   0.25000000  0.00000000
 Ni (2)
 0.25000000   0.25000000  0.00000000
 Ni (2)

 0.50000000   0.00000000  0.00000000
 Ni (3)
