Bravais lattice: Orthorhombic primitive

     a             b            c
 10.48100000    3.46400000   4.29900000
     alpha         beta         gamma
 90.00000000    90.00000000   90.00000000


===== Decomposition of new basis vectors over input basis =====
 1.000000   0.000000  0.000000  <--- 1
 0.000000   1.000000  0.000000  <--- 2
 0.000000   0.000000  1.000000  <--- 3

==== Number of atoms in cell: 8
==== Atom positions:

 0.12210000   0.25000000  0.12770000
 Ge
 0.37790000   0.75000000  0.62770000
 Ge
 0.87790000   0.75000000  0.87230000
 Ge
 0.62210000   0.25000000  0.37230000
 Ge

 0.34950000   0.25000000  0.99770000
 S
 0.15050000   0.75000000  0.49770000
 S
 0.65050000   0.75000000  0.00230000
 S
 0.84950000   0.25000000  0.50230000
 S

==== Number of nonequivalent sorts: 2
==== Nonequivalent atoms, point group for each sort: ====

Sort number: 1
  Names of point group: m      m      Cs
  New basis vectors for this point group:
    1.0000   0.0000  0.0000  <--- 1
    0.0000   0.0000 -1.0000  <--- 2
    0.0000   1.0000  0.0000  <--- 3

  Atom positions: 4
   0.12210000   0.25000000  0.12770000
   Ge
   0.37790000   0.75000000  0.62770000
   Ge
   0.87790000   0.75000000  0.87230000
   Ge
   0.62210000   0.25000000  0.37230000
   Ge

Sort number: 2
  Names of point group: m      m      Cs
  New basis vectors for this point group:
    1.0000   0.0000  0.0000  <--- 1
    0.0000   0.0000 -1.0000  <--- 2
    0.0000   1.0000  0.0000  <--- 3

  Atom positions: 4
   0.34950000   0.25000000  0.99770000
   S
   0.15050000   0.75000000  0.49770000
   S
   0.65050000   0.75000000  0.00230000
   S
   0.84950000   0.25000000  0.50230000
   S

======================================================================

Number and name of space group: 62 (P n m a)
- Short - Full - Schoenflies - names of point group:
 mmm    2/m 2/m 2/m   D2h

Number of symmetry operations: 8
Operation: 1
 1.0   0.0   0.0  0.000
 0.0   1.0   0.0  0.000
 0.0   0.0   1.0  0.000

Operation: 2
-1.0   0.0   0.0  0.500
 0.0  -1.0   0.0  0.000
 0.0   0.0   1.0  0.500

Operation: 3
-1.0   0.0   0.0  0.000
 0.0   1.0   0.0  0.500
 0.0   0.0  -1.0  0.000

Operation: 4
 1.0   0.0   0.0  0.500
 0.0  -1.0   0.0  0.500
 0.0   0.0  -1.0  0.500

Operation: 5
-1.0   0.0   0.0  0.000
 0.0  -1.0   0.0  0.000
 0.0   0.0  -1.0  0.000

Operation: 6
 1.0   0.0   0.0  0.500
 0.0   1.0   0.0  0.000
 0.0   0.0  -1.0  0.500

Operation: 7
 1.0   0.0   0.0  0.000
 0.0  -1.0   0.0  0.500
 0.0   0.0   1.0  0.000

Operation: 8
-1.0   0.0   0.0  0.500
 0.0   1.0   0.0  0.500
 0.0   0.0   1.0  0.500

============================================================

===== Number of possible shift vectors: 8 =====
===== List of shift vectors:
 0.0000   0.0000   0.0000
 0.0000   0.0000   0.5000
 0.0000   0.5000   0.0000
 0.0000   0.5000   0.5000
 0.5000   0.0000   0.0000
 0.5000   0.0000   0.5000
 0.5000   0.5000   0.0000
 0.5000   0.5000   0.5000

List of shifted cells:

Cell #1 
  Shift vector:  0.0000   0.0000   0.5000
  Nonequivalent atoms :

 0.12210000   0.25000000  0.62770000
 Ge
 0.37790000   0.75000000  0.12770000
 Ge
 0.87790000   0.75000000  0.37230000
 Ge
 0.62210000   0.25000000  0.87230000
 Ge

 0.34950000   0.25000000  0.49770000
 S
 0.15050000   0.75000000  0.99770000
 S
 0.65050000   0.75000000  0.50230000
 S
 0.84950000   0.25000000  0.00230000
 S

Cell #2 
  Shift vector:  0.0000   0.5000   0.0000
  Nonequivalent atoms :

 0.12210000   0.75000000  0.12770000
 Ge
 0.37790000   0.25000000  0.62770000
 Ge
 0.87790000   0.25000000  0.87230000
 Ge
 0.62210000   0.75000000  0.37230000
 Ge

 0.34950000   0.75000000  0.99770000
 S
 0.15050000   0.25000000  0.49770000
 S
 0.65050000   0.25000000  0.00230000
 S
 0.84950000   0.75000000  0.50230000
 S

Cell #3 
  Shift vector:  0.0000   0.5000   0.5000
  Nonequivalent atoms :

 0.12210000   0.75000000  0.62770000
 Ge
 0.37790000   0.25000000  0.12770000
 Ge
 0.87790000   0.25000000  0.37230000
 Ge
 0.62210000   0.75000000  0.87230000
 Ge

 0.34950000   0.75000000  0.49770000
 S
 0.15050000   0.25000000  0.99770000
 S
 0.65050000   0.25000000  0.50230000
 S
 0.84950000   0.75000000  0.00230000
 S

Cell #4 
  Shift vector:  0.5000   0.0000   0.0000
  Nonequivalent atoms :

 0.62210000   0.25000000  0.12770000
 Ge
 0.87790000   0.75000000  0.62770000
 Ge
 0.37790000   0.75000000  0.87230000
 Ge
 0.12210000   0.25000000  0.37230000
 Ge

 0.84950000   0.25000000  0.99770000
 S
 0.65050000   0.75000000  0.49770000
 S
 0.15050000   0.75000000  0.00230000
 S
 0.34950000   0.25000000  0.50230000
 S

Cell #5 
  Shift vector:  0.5000   0.0000   0.5000
  Nonequivalent atoms :

 0.62210000   0.25000000  0.62770000
 Ge
 0.87790000   0.75000000  0.12770000
 Ge
 0.37790000   0.75000000  0.37230000
 Ge
 0.12210000   0.25000000  0.87230000
 Ge

 0.84950000   0.25000000  0.49770000
 S
 0.65050000   0.75000000  0.99770000
 S
 0.15050000   0.75000000  0.50230000
 S
 0.34950000   0.25000000  0.00230000
 S

Cell #6 
  Shift vector:  0.5000   0.5000   0.0000
  Nonequivalent atoms :

 0.62210000   0.75000000  0.12770000
 Ge
 0.87790000   0.25000000  0.62770000
 Ge
 0.37790000   0.25000000  0.87230000
 Ge
 0.12210000   0.75000000  0.37230000
 Ge

 0.84950000   0.75000000  0.99770000
 S
 0.65050000   0.25000000  0.49770000
 S
 0.15050000   0.25000000  0.00230000
 S
 0.34950000   0.75000000  0.50230000
 S

Cell #7 
  Shift vector:  0.5000   0.5000   0.5000
  Nonequivalent atoms :

 0.62210000   0.75000000  0.62770000
 Ge
 0.87790000   0.25000000  0.12770000
 Ge
 0.37790000   0.25000000  0.37230000
 Ge
 0.12210000   0.75000000  0.87230000
 Ge

 0.84950000   0.75000000  0.49770000
 S
 0.65050000   0.25000000  0.99770000
 S
 0.15050000   0.25000000  0.50230000
 S
 0.34950000   0.75000000  0.00230000
 S
