Bravais lattice: Cubic all faces centred

     a             b            c
 8.07500000    8.07500000   8.07500000
     alpha         beta         gamma
 90.00000000    90.00000000   90.00000000


===== Decomposition of new basis vectors over input basis =====
 1.000000  -1.000000  1.000000  <--- 1
 1.000000   1.000000 -1.000000  <--- 2
-1.000000   1.000000  1.000000  <--- 3

==== Number of atoms in cell (only atoms of primitive cell): 14 
==== Atom positions (only atoms of primitive cell):

 0.50000000   0.00000000  0.00000000
 Al
 0.25000000   0.25000000  0.50000000
 Al
 0.75000000   0.50000000  0.75000000
 Al
 0.00000000   0.75000000  0.25000000
 Al

 0.12500000   0.12500000  0.12500000
 Mg
 0.87500000   0.37500000  0.37500000
 Mg

 0.01400000   0.01400000  0.23600000
 O
 0.73600000   0.23600000  0.73600000
 O
 0.23600000   0.51400000  0.51400000
 O
 0.51400000   0.73600000  0.01400000
 O
 0.76400000   0.26400000  0.26400000
 O
 0.98600000   0.98600000  0.76400000
 O
 0.26400000   0.48600000  0.98600000
 O
 0.48600000   0.76400000  0.48600000
 O

==== Number of nonequivalent sorts: 3
==== Nonequivalent atoms, point group for each sort: ====

Sort number: 1
  Names of point group: -3m1  -3 2/m 1    D3d
  New basis vectors for this point group:
   -0.5000   0.5000  0.0000  <--- 1
    0.0000  -0.5000  0.5000  <--- 2
    1.0000   1.0000  1.0000  <--- 3

  Atom positions: 4
   0.50000000   0.00000000  0.00000000
   Al
   0.25000000   0.25000000  0.50000000
   Al
   0.75000000   0.50000000  0.75000000
   Al
   0.00000000   0.75000000  0.25000000
   Al

Sort number: 2
  Names of point group: -43m  -43m    Td
  New basis vectors for this point group:
    1.0000   0.0000  0.0000  <--- 1
    0.0000   1.0000  0.0000  <--- 2
    0.0000   0.0000  1.0000  <--- 3

  Atom positions: 2
   0.12500000   0.12500000  0.12500000
   Mg
   0.87500000   0.37500000  0.37500000
   Mg

Sort number: 3
  Names of point group: 3m1    3m1    C3v
  New basis vectors for this point group:
    0.5000  -0.5000  0.0000  <--- 1
    0.0000   0.5000  0.5000  <--- 2
   -1.0000  -1.0000  1.0000  <--- 3

  Atom positions: 8
   0.01400000   0.01400000  0.23600000
   O
   0.73600000   0.23600000  0.73600000
   O
   0.23600000   0.51400000  0.51400000
   O
   0.51400000   0.73600000  0.01400000
   O
   0.76400000   0.26400000  0.26400000
   O
   0.98600000   0.98600000  0.76400000
   O
   0.26400000   0.48600000  0.98600000
   O
   0.48600000   0.76400000  0.48600000
   O

======================================================================

Number and name of space group: 227 (F d -3 m) [origin choice 2]
- Short - Full - Schoenflies - names of point group:
 m-3m   4/m -3 2/m   Oh

Number of symmetry operations: 48
Operation: 1
 1.0   0.0   0.0  0.000
 0.0   1.0   0.0  0.000
 0.0   0.0   1.0  0.000

Operation: 2
-1.0   0.0   0.0  0.750
 0.0  -1.0   0.0  0.250
 0.0   0.0   1.0  0.500

Operation: 3
-1.0   0.0   0.0  0.250
 0.0   1.0   0.0  0.500
 0.0   0.0  -1.0  0.750

Operation: 4
 1.0   0.0   0.0  0.500
 0.0  -1.0   0.0  0.750
 0.0   0.0  -1.0  0.250

Operation: 5
 0.0   0.0   1.0  0.000
 1.0   0.0   0.0  0.000
 0.0   1.0   0.0  0.000

Operation: 6
 0.0   0.0   1.0  0.500
-1.0   0.0   0.0  0.750
 0.0  -1.0   0.0  0.250

Operation: 7
 0.0   0.0  -1.0  0.750
-1.0   0.0   0.0  0.250
 0.0   1.0   0.0  0.500

Operation: 8
 0.0   0.0  -1.0  0.250
 1.0   0.0   0.0  0.500
 0.0  -1.0   0.0  0.750

Operation: 9
 0.0   1.0   0.0  0.000
 0.0   0.0   1.0  0.000
 1.0   0.0   0.0  0.000

Operation: 10
 0.0  -1.0   0.0  0.250
 0.0   0.0   1.0  0.500
-1.0   0.0   0.0  0.750

Operation: 11
 0.0   1.0   0.0  0.500
 0.0   0.0  -1.0  0.750
-1.0   0.0   0.0  0.250

Operation: 12
 0.0  -1.0   0.0  0.750
 0.0   0.0  -1.0  0.250
 1.0   0.0   0.0  0.500

Operation: 13
 0.0   1.0   0.0  0.750
 1.0   0.0   0.0  0.250
 0.0   0.0  -1.0  0.500

Operation: 14
 0.0  -1.0   0.0  0.000
-1.0   0.0   0.0  0.000
 0.0   0.0  -1.0  0.000

Operation: 15
 0.0   1.0   0.0  0.250
-1.0   0.0   0.0  0.500
 0.0   0.0   1.0  0.750

Operation: 16
 0.0  -1.0   0.0  0.500
 1.0   0.0   0.0  0.750
 0.0   0.0   1.0  0.250

Operation: 17
 1.0   0.0   0.0  0.750
 0.0   0.0   1.0  0.250
 0.0  -1.0   0.0  0.500

Operation: 18
-1.0   0.0   0.0  0.500
 0.0   0.0   1.0  0.750
 0.0   1.0   0.0  0.250

Operation: 19
-1.0   0.0   0.0  0.000
 0.0   0.0  -1.0  0.000
 0.0  -1.0   0.0  0.000

Operation: 20
 1.0   0.0   0.0  0.250
 0.0   0.0  -1.0  0.500
 0.0   1.0   0.0  0.750

Operation: 21
 0.0   0.0   1.0  0.750
 0.0   1.0   0.0  0.250
-1.0   0.0   0.0  0.500

Operation: 22
 0.0   0.0   1.0  0.250
 0.0  -1.0   0.0  0.500
 1.0   0.0   0.0  0.750

Operation: 23
 0.0   0.0  -1.0  0.500
 0.0   1.0   0.0  0.750
 1.0   0.0   0.0  0.250

Operation: 24
 0.0   0.0  -1.0  0.000
 0.0  -1.0   0.0  0.000
-1.0   0.0   0.0  0.000

Operation: 25
-1.0   0.0   0.0  0.000
 0.0  -1.0   0.0  0.000
 0.0   0.0  -1.0  0.000

Operation: 26
 1.0   0.0   0.0  0.250
 0.0   1.0   0.0  0.750
 0.0   0.0  -1.0  0.500

Operation: 27
 1.0   0.0   0.0  0.750
 0.0  -1.0   0.0  0.500
 0.0   0.0   1.0  0.250

Operation: 28
-1.0   0.0   0.0  0.500
 0.0   1.0   0.0  0.250
 0.0   0.0   1.0  0.750

Operation: 29
 0.0   0.0  -1.0  0.000
-1.0   0.0   0.0  0.000
 0.0  -1.0   0.0  0.000

Operation: 30
 0.0   0.0  -1.0  0.500
 1.0   0.0   0.0  0.250
 0.0   1.0   0.0  0.750

Operation: 31
 0.0   0.0   1.0  0.250
 1.0   0.0   0.0  0.750
 0.0  -1.0   0.0  0.500

Operation: 32
 0.0   0.0   1.0  0.750
-1.0   0.0   0.0  0.500
 0.0   1.0   0.0  0.250

Operation: 33
 0.0  -1.0   0.0  0.000
 0.0   0.0  -1.0  0.000
-1.0   0.0   0.0  0.000

Operation: 34
 0.0   1.0   0.0  0.750
 0.0   0.0  -1.0  0.500
 1.0   0.0   0.0  0.250

Operation: 35
 0.0  -1.0   0.0  0.500
 0.0   0.0   1.0  0.250
 1.0   0.0   0.0  0.750

Operation: 36
 0.0   1.0   0.0  0.250
 0.0   0.0   1.0  0.750
-1.0   0.0   0.0  0.500

Operation: 37
 0.0  -1.0   0.0  0.250
-1.0   0.0   0.0  0.750
 0.0   0.0   1.0  0.500

Operation: 38
 0.0   1.0   0.0  0.000
 1.0   0.0   0.0  0.000
 0.0   0.0   1.0  0.000

Operation: 39
 0.0  -1.0   0.0  0.750
 1.0   0.0   0.0  0.500
 0.0   0.0  -1.0  0.250

Operation: 40
 0.0   1.0   0.0  0.500
-1.0   0.0   0.0  0.250
 0.0   0.0  -1.0  0.750

Operation: 41
-1.0   0.0   0.0  0.250
 0.0   0.0  -1.0  0.750
 0.0   1.0   0.0  0.500

Operation: 42
 1.0   0.0   0.0  0.500
 0.0   0.0  -1.0  0.250
 0.0  -1.0   0.0  0.750

Operation: 43
 1.0   0.0   0.0  0.000
 0.0   0.0   1.0  0.000
 0.0   1.0   0.0  0.000

Operation: 44
-1.0   0.0   0.0  0.750
 0.0   0.0   1.0  0.500
 0.0  -1.0   0.0  0.250

Operation: 45
 0.0   0.0  -1.0  0.250
 0.0  -1.0   0.0  0.750
 1.0   0.0   0.0  0.500

Operation: 46
 0.0   0.0  -1.0  0.750
 0.0   1.0   0.0  0.500
-1.0   0.0   0.0  0.250

Operation: 47
 0.0   0.0   1.0  0.500
 0.0  -1.0   0.0  0.250
-1.0   0.0   0.0  0.750

Operation: 48
 0.0   0.0   1.0  0.000
 0.0   1.0   0.0  0.000
 1.0   0.0   0.0  0.000

============================================================

===== Number of possible shift vectors: 2 =====
===== List of shift vectors:
 0.0000   0.0000   0.0000
 0.5000   0.5000   0.5000

List of shifted cells:

Cell #1 
  Shift vector:  0.5000   0.5000   0.5000
  Nonequivalent atoms :

 0.00000000   0.50000000  0.50000000
 Al
 0.75000000   0.75000000  0.00000000
 Al
 0.25000000   0.00000000  0.25000000
 Al
 0.50000000   0.25000000  0.75000000
 Al

 0.62500000   0.62500000  0.62500000
 Mg
 0.37500000   0.87500000  0.87500000
 Mg

 0.51400000   0.51400000  0.73600000
 O
 0.23600000   0.73600000  0.23600000
 O
 0.73600000   0.01400000  0.01400000
 O
 0.01400000   0.23600000  0.51400000
 O
 0.26400000   0.76400000  0.76400000
 O
 0.48600000   0.48600000  0.26400000
 O
 0.76400000   0.98600000  0.48600000
 O
 0.98600000   0.26400000  0.98600000
 O
