Bravais lattice: Rhombohedral [hexagonal setting

     a             b            c
 15.65899999    15.65900000   5.25099999
     alpha         beta         gamma
 90.00000000    89.99999996   120.00000001


===== Decomposition of new basis vectors over input basis =====
 1.000000  -1.000000  0.000000  <--- 1
 0.000000   1.000000 -1.000000  <--- 2
 1.000000   1.000000  1.000000  <--- 3

==== Number of atoms in cell (only atoms of primitive cell): 26 
==== Atom positions (only atoms of primitive cell):

 0.00000000   0.00000000  0.50000000
 Pd
 0.06740000   0.17840000  0.33450000
 Pd
 0.82160000   0.88900000  0.33450000
 Pd
 0.11100000   0.93260000  0.33450000
 Pd
 0.93260000   0.82160000  0.66550000
 Pd
 0.17840000   0.11100000  0.66550000
 Pd
 0.88900000   0.06740000  0.66550000
 Pd
 0.23650000   0.31960000  0.66490000
 Pd
 0.68040000   0.91690000  0.66490000
 Pd
 0.08310000   0.76350000  0.66490000
 Pd
 0.76350000   0.68040000  0.33510000
 Pd
 0.31960000   0.08310000  0.33510000
 Pd
 0.91690000   0.23650000  0.33510000
 Pd

 0.17990000   0.11170000  0.16570000
 Al
 0.88830000   0.06820000  0.16570000
 Al
 0.93180000   0.82010000  0.16570000
 Al
 0.82010000   0.88830000  0.83430000
 Al
 0.11170000   0.93180000  0.83430000
 Al
 0.06820000   0.17990000  0.83430000
 Al
 0.00000000   0.00000000  0.00000000
 Al
 0.98666667   0.41623333  0.16983333
 Al
 0.58376667   0.57043333  0.16983333
 Al
 0.42956667   0.01333333  0.16983333
 Al
 0.01333333   0.58376667  0.83016667
 Al
 0.41623333   0.42956667  0.83016667
 Al
 0.57043333   0.98666667  0.83016667
 Al

==== Number of nonequivalent sorts: 6
==== Nonequivalent atoms, point group for each sort: ====

Sort number: 1
  Names of point group: -3    -3      C3i
  New basis vectors for this point group:
    1.0000   0.0000  0.0000  <--- 1
    0.0000   1.0000  0.0000  <--- 2
    0.0000   0.0000  1.0000  <--- 3

  Atom positions: 1
   0.00000000   0.00000000  0.50000000
   Pd (1)

Sort number: 2
  Names of point group: 1      1      C1
  New basis vectors for this point group:
    1.0000   0.0000  0.0000  <--- 1
    0.0000   1.0000  0.0000  <--- 2
    0.0000   0.0000  1.0000  <--- 3

  Atom positions: 6
   0.06740000   0.17840000  0.33450000
   Pd (2)
   0.82160000   0.88900000  0.33450000
   Pd (2)
   0.11100000   0.93260000  0.33450000
   Pd (2)
   0.93260000   0.82160000  0.66550000
   Pd (2)
   0.17840000   0.11100000  0.66550000
   Pd (2)
   0.88900000   0.06740000  0.66550000
   Pd (2)

Sort number: 3
  Names of point group: 1      1      C1
  New basis vectors for this point group:
    1.0000   0.0000  0.0000  <--- 1
    0.0000   1.0000  0.0000  <--- 2
    0.0000   0.0000  1.0000  <--- 3

  Atom positions: 6
   0.23650000   0.31960000  0.66490000
   Pd (3)
   0.68040000   0.91690000  0.66490000
   Pd (3)
   0.08310000   0.76350000  0.66490000
   Pd (3)
   0.76350000   0.68040000  0.33510000
   Pd (3)
   0.31960000   0.08310000  0.33510000
   Pd (3)
   0.91690000   0.23650000  0.33510000
   Pd (3)

Sort number: 4
  Names of point group: 1      1      C1
  New basis vectors for this point group:
    1.0000   0.0000  0.0000  <--- 1
    0.0000   1.0000  0.0000  <--- 2
    0.0000   0.0000  1.0000  <--- 3

  Atom positions: 6
   0.17990000   0.11170000  0.16570000
   Al (1)
   0.88830000   0.06820000  0.16570000
   Al (1)
   0.93180000   0.82010000  0.16570000
   Al (1)
   0.82010000   0.88830000  0.83430000
   Al (1)
   0.11170000   0.93180000  0.83430000
   Al (1)
   0.06820000   0.17990000  0.83430000
   Al (1)

Sort number: 5
  Names of point group: -3    -3      C3i
  New basis vectors for this point group:
    1.0000   0.0000  0.0000  <--- 1
    0.0000   1.0000  0.0000  <--- 2
    0.0000   0.0000  1.0000  <--- 3

  Atom positions: 1
   0.00000000   0.00000000  0.00000000
   Al (2)

Sort number: 6
  Names of point group: 1      1      C1
  New basis vectors for this point group:
    1.0000   0.0000  0.0000  <--- 1
    0.0000   1.0000  0.0000  <--- 2
    0.0000   0.0000  1.0000  <--- 3

  Atom positions: 6
   0.98666667   0.41623333  0.16983333
   Al (3)
   0.58376667   0.57043333  0.16983333
   Al (3)
   0.42956667   0.01333333  0.16983333
   Al (3)
   0.01333333   0.58376667  0.83016667
   Al (3)
   0.41623333   0.42956667  0.83016667
   Al (3)
   0.57043333   0.98666667  0.83016667
   Al (3)

======================================================================

Number and name of space group: 148 (R -3) [h axes]
- Short - Full - Schoenflies - names of point group:
 -3    -3      C3i

Number of symmetry operations: 6
Operation: 1
 1.0   0.0   0.0  0.000
 0.0   1.0   0.0  0.000
 0.0   0.0   1.0  0.000

Operation: 2
 0.0  -1.0   0.0  0.000
 1.0  -1.0   0.0  0.000
 0.0   0.0   1.0  0.000

Operation: 3
-1.0   1.0   0.0  0.000
-1.0   0.0   0.0  0.000
 0.0   0.0   1.0  0.000

Operation: 4
-1.0   0.0   0.0  0.000
 0.0  -1.0   0.0  0.000
 0.0   0.0  -1.0  0.000

Operation: 5
 0.0   1.0   0.0  0.000
-1.0   1.0   0.0  0.000
 0.0   0.0  -1.0  0.000

Operation: 6
 1.0  -1.0   0.0  0.000
 1.0   0.0   0.0  0.000
 0.0   0.0  -1.0  0.000

============================================================

===== Number of possible shift vectors: 2 =====
===== List of shift vectors:
 0.0000   0.0000   0.0000
 0.0000   0.0000   0.5000

List of shifted cells:

Cell #1 
  Shift vector:  0.0000   0.0000   0.5000
  Nonequivalent atoms :

 0.00000000   0.00000000  0.00000000
 Pd (1)

 0.06740000   0.17840000  0.83450000
 Pd (2)
 0.82160000   0.88900000  0.83450000
 Pd (2)
 0.11100000   0.93260000  0.83450000
 Pd (2)
 0.93260000   0.82160000  0.16550000
 Pd (2)
 0.17840000   0.11100000  0.16550000
 Pd (2)
 0.88900000   0.06740000  0.16550000
 Pd (2)

 0.23650000   0.31960000  0.16490000
 Pd (3)
 0.68040000   0.91690000  0.16490000
 Pd (3)
 0.08310000   0.76350000  0.16490000
 Pd (3)
 0.76350000   0.68040000  0.83510000
 Pd (3)
 0.31960000   0.08310000  0.83510000
 Pd (3)
 0.91690000   0.23650000  0.83510000
 Pd (3)

 0.17990000   0.11170000  0.66570000
 Al (1)
 0.88830000   0.06820000  0.66570000
 Al (1)
 0.93180000   0.82010000  0.66570000
 Al (1)
 0.82010000   0.88830000  0.33430000
 Al (1)
 0.11170000   0.93180000  0.33430000
 Al (1)
 0.06820000   0.17990000  0.33430000
 Al (1)

 0.00000000   0.00000000  0.50000000
 Al (2)

 0.98666667   0.41623333  0.66983333
 Al (3)
 0.58376667   0.57043333  0.66983333
 Al (3)
 0.42956667   0.01333333  0.66983333
 Al (3)
 0.01333333   0.58376667  0.33016667
 Al (3)
 0.41623333   0.42956667  0.33016667
 Al (3)
 0.57043333   0.98666667  0.33016667
 Al (3)
