Bravais lattice: Hexagonal

     a             b            c
 4.91340000    4.91340000   5.40520000
     alpha         beta         gamma
 90.00000000    90.00000000   120.00000001


===== Decomposition of new basis vectors over input basis =====
 1.000000   0.000000  0.000000  <--- 1
 0.000000   1.000000  0.000000  <--- 2
 0.000000   0.000000  1.000000  <--- 3

==== Number of atoms in cell: 9
==== Atom positions:

 0.46990000   0.00000000  0.66666700
 Si
 0.00000000   0.46990000  0.33333367
 Si
 0.53010000   0.53010000  0.00000000
 Si

 0.26810000   0.41410000  0.21460000
 O
 0.58590000   0.85400000  0.88126667
 O
 0.14600000   0.73190000  0.54793333
 O
 0.41410000   0.26810000  0.78540000
 O
 0.85400000   0.58590000  0.11873333
 O
 0.73190000   0.14600000  0.45206667
 O

==== Number of nonequivalent sorts: 2
==== Nonequivalent atoms, point group for each sort: ====

Sort number: 1
  Names of point group: 2      2      C2
  New basis vectors for this point group:
    0.0000   0.0000  1.0000  <--- 1
   -1.0000  -2.0000  0.0000  <--- 2
    1.0000   0.0000  0.0000  <--- 3

  Atom positions: 3
   0.46990000   0.00000000  0.66666700
   Si
   0.00000000   0.46990000  0.33333367
   Si
   0.53010000   0.53010000  0.00000000
   Si

Sort number: 2
  Names of point group: 1      1      C1
  New basis vectors for this point group:
    1.0000   0.0000  0.0000  <--- 1
    0.0000   1.0000  0.0000  <--- 2
    0.0000   0.0000  1.0000  <--- 3

  Atom positions: 6
   0.26810000   0.41410000  0.21460000
   O
   0.58590000   0.85400000  0.88126667
   O
   0.14600000   0.73190000  0.54793333
   O
   0.41410000   0.26810000  0.78540000
   O
   0.85400000   0.58590000  0.11873333
   O
   0.73190000   0.14600000  0.45206667
   O

======================================================================

Number and name of space group: 154 (P 32 2 1)
- Short - Full - Schoenflies - names of point group:
 321    321    D3

Number of symmetry operations: 6
Operation: 1
 1.0   0.0   0.0  0.000
 0.0   1.0   0.0  0.000
 0.0   0.0   1.0  0.000

Operation: 2
 0.0  -1.0   0.0  0.000
 1.0  -1.0   0.0  0.000
 0.0   0.0   1.0  2/3

Operation: 3
-1.0   1.0   0.0  0.000
-1.0   0.0   0.0  0.000
 0.0   0.0   1.0  1/3

Operation: 4
 0.0   1.0   0.0  0.000
 1.0   0.0   0.0  0.000
 0.0   0.0  -1.0  0.000

Operation: 5
 1.0  -1.0   0.0  0.000
 0.0  -1.0   0.0  0.000
 0.0   0.0  -1.0  1/3

Operation: 6
-1.0   0.0   0.0  0.000
-1.0   1.0   0.0  0.000
 0.0   0.0  -1.0  2/3

============================================================

===== Number of possible shift vectors: 2 =====
===== List of shift vectors:
 0.0000   0.0000   0.0000
 0.0000   0.0000   0.5000

List of shifted cells:

Cell #1 
  Shift vector:  0.0000   0.0000   0.5000
  Nonequivalent atoms :

 0.46990000   0.00000000  0.16666700
 Si
 0.00000000   0.46990000  0.83333367
 Si
 0.53010000   0.53010000  0.50000000
 Si

 0.26810000   0.41410000  0.71460000
 O
 0.58590000   0.85400000  0.38126667
 O
 0.14600000   0.73190000  0.04793333
 O
 0.41410000   0.26810000  0.28540000
 O
 0.85400000   0.58590000  0.61873333
 O
 0.73190000   0.14600000  0.95206667
 O
