Bravais lattice: Hexagonal

     a             b            c
 5.02000000    5.02000000   5.52300000
     alpha         beta         gamma
 90.00000000    90.00000000   120.00000003


===== Decomposition of new basis vectors over input basis =====
 1.000000   0.000000  0.000000  <--- 1
 0.000000   1.000000  0.000000  <--- 2
 0.000000   0.000000  1.000000  <--- 3

==== Number of atoms in cell: 9
==== Atom positions:

 0.00000000   0.50000000  0.66666683
 Si
 0.50000000   0.50000000  0.33333350
 Si
 0.50000000   0.00000000  0.00000000
 Si

 0.42020000   0.84040000  0.49999983
 O
 0.15960000   0.57980000  0.16666650
 O
 0.42020000   0.57980000  0.83333317
 O
 0.57980000   0.15960000  0.49999983
 O
 0.84040000   0.42020000  0.16666650
 O
 0.57980000   0.42020000  0.83333317
 O

==== Number of nonequivalent sorts: 2
==== Nonequivalent atoms, point group for each sort: ====

Sort number: 1
  Names of point group: 222    222    D2
  New basis vectors for this point group:
    2.0000   1.0000  0.0000  <--- 1
    0.0000   1.0000  0.0000  <--- 2
    0.0000   0.0000  1.0000  <--- 3

  Atom positions: 3
   0.00000000   0.50000000  0.66666683
   Si
   0.50000000   0.50000000  0.33333350
   Si
   0.50000000   0.00000000  0.00000000
   Si

Sort number: 2
  Names of point group: 2      2      C2
  New basis vectors for this point group:
    0.0000   0.0000  1.0000  <--- 1
    1.0000   0.0000  0.0000  <--- 2
    1.0000   2.0000  0.0000  <--- 3

  Atom positions: 6
   0.42020000   0.84040000  0.49999983
   O
   0.15960000   0.57980000  0.16666650
   O
   0.42020000   0.57980000  0.83333317
   O
   0.57980000   0.15960000  0.49999983
   O
   0.84040000   0.42020000  0.16666650
   O
   0.57980000   0.42020000  0.83333317
   O

======================================================================

Number and name of space group: 180 (P 62 2 2)
- Short - Full - Schoenflies - names of point group:
 622    622    D6

Number of symmetry operations: 12
Operation: 1
 1.0   0.0   0.0  0.000
 0.0   1.0   0.0  0.000
 0.0   0.0   1.0  0.000

Operation: 2
 0.0  -1.0   0.0  0.000
 1.0  -1.0   0.0  0.000
 0.0   0.0   1.0  2/3

Operation: 3
-1.0   1.0   0.0  0.000
-1.0   0.0   0.0  0.000
 0.0   0.0   1.0  1/3

Operation: 4
-1.0   0.0   0.0  0.000
 0.0  -1.0   0.0  0.000
 0.0   0.0   1.0  0.000

Operation: 5
 0.0   1.0   0.0  0.000
-1.0   1.0   0.0  0.000
 0.0   0.0   1.0  2/3

Operation: 6
 1.0  -1.0   0.0  0.000
 1.0   0.0   0.0  0.000
 0.0   0.0   1.0  1/3

Operation: 7
 0.0   1.0   0.0  0.000
 1.0   0.0   0.0  0.000
 0.0   0.0  -1.0  2/3

Operation: 8
 1.0  -1.0   0.0  0.000
 0.0  -1.0   0.0  0.000
 0.0   0.0  -1.0  0.000

Operation: 9
-1.0   0.0   0.0  0.000
-1.0   1.0   0.0  0.000
 0.0   0.0  -1.0  1/3

Operation: 10
 0.0  -1.0   0.0  0.000
-1.0   0.0   0.0  0.000
 0.0   0.0  -1.0  2/3

Operation: 11
-1.0   1.0   0.0  0.000
 0.0   1.0   0.0  0.000
 0.0   0.0  -1.0  0.000

Operation: 12
 1.0   0.0   0.0  0.000
 1.0  -1.0   0.0  0.000
 0.0   0.0  -1.0  1/3

============================================================

===== Number of possible shift vectors: 2 =====
===== List of shift vectors:
 0.0000   0.0000   0.0000
 0.0000   0.0000   0.5000

List of shifted cells:

Cell #1 
  Shift vector:  0.0000   0.0000   0.5000
  Nonequivalent atoms :

 0.00000000   0.50000000  0.16666683
 Si
 0.50000000   0.50000000  0.83333350
 Si
 0.50000000   0.00000000  0.50000000
 Si

 0.42020000   0.84040000  0.00000000
 O
 0.15960000   0.57980000  0.66666650
 O
 0.42020000   0.57980000  0.33333317
 O
 0.57980000   0.15960000  0.00000000
 O
 0.84040000   0.42020000  0.66666650
 O
 0.57980000   0.42020000  0.33333317
 O
