Bravais lattice: Hexagonal

     a             b            c
 2.90600000    2.90600000   2.83700000
     alpha         beta         gamma
 90.00000000    90.00000000   119.99999993


===== Decomposition of new basis vectors over input basis =====
 1.000000   0.000000  0.000000  <--- 1
 0.000000   1.000000  0.000000  <--- 2
 0.000000   0.000000  1.000000  <--- 3

==== Number of atoms in cell: 2
==== Atom positions:

 0.00000000   0.00000000  0.00000000
 W

 0.33333300   0.66666700  0.50000000
 C

==== Number of nonequivalent sorts: 2
==== Nonequivalent atoms, point group for each sort: ====

Sort number: 1
  Names of point group: -6m2  -6m2    D3h
  New basis vectors for this point group:
    1.0000   0.0000  0.0000  <--- 1
    0.0000   1.0000  0.0000  <--- 2
    0.0000   0.0000  1.0000  <--- 3

  Atom positions: 1
   0.00000000   0.00000000  0.00000000
   W

Sort number: 2
  Names of point group: -6m2  -6m2    D3h
  New basis vectors for this point group:
    1.0000   0.0000  0.0000  <--- 1
    0.0000   1.0000  0.0000  <--- 2
    0.0000   0.0000  1.0000  <--- 3

  Atom positions: 1
   0.33333300   0.66666700  0.50000000
   C

======================================================================

Number and name of space group: 187 (P -6 m 2)
- Short - Full - Schoenflies - names of point group:
 -6m2  -6m2    D3h

Number of symmetry operations: 12
Operation: 1
 1.0   0.0   0.0  0.000
 0.0   1.0   0.0  0.000
 0.0   0.0   1.0  0.000

Operation: 2
 0.0  -1.0   0.0  0.000
 1.0  -1.0   0.0  0.000
 0.0   0.0   1.0  0.000

Operation: 3
-1.0   1.0   0.0  0.000
-1.0   0.0   0.0  0.000
 0.0   0.0   1.0  0.000

Operation: 4
 1.0   0.0   0.0  0.000
 0.0   1.0   0.0  0.000
 0.0   0.0  -1.0  0.000

Operation: 5
 0.0  -1.0   0.0  0.000
 1.0  -1.0   0.0  0.000
 0.0   0.0  -1.0  0.000

Operation: 6
-1.0   1.0   0.0  0.000
-1.0   0.0   0.0  0.000
 0.0   0.0  -1.0  0.000

Operation: 7
 0.0  -1.0   0.0  0.000
-1.0   0.0   0.0  0.000
 0.0   0.0   1.0  0.000

Operation: 8
-1.0   1.0   0.0  0.000
 0.0   1.0   0.0  0.000
 0.0   0.0   1.0  0.000

Operation: 9
 1.0   0.0   0.0  0.000
 1.0  -1.0   0.0  0.000
 0.0   0.0   1.0  0.000

Operation: 10
 0.0  -1.0   0.0  0.000
-1.0   0.0   0.0  0.000
 0.0   0.0  -1.0  0.000

Operation: 11
-1.0   1.0   0.0  0.000
 0.0   1.0   0.0  0.000
 0.0   0.0  -1.0  0.000

Operation: 12
 1.0   0.0   0.0  0.000
 1.0  -1.0   0.0  0.000
 0.0   0.0  -1.0  0.000

============================================================

===== Number of possible shift vectors: 6 =====
===== List of shift vectors:
 0.0000   0.0000   0.0000
 0.0000   0.0000   0.5000
 0.3333   0.6667   0.0000
 0.3333   0.6667   0.5000
 0.6667   0.3333   0.0000
 0.6667   0.3333   0.5000

List of shifted cells:

Cell #1 
  Shift vector:  0.0000   0.0000   0.5000
  Nonequivalent atoms :

 0.00000000   0.00000000  0.50000000
 W

 0.33333300   0.66666700  0.00000000
 C

Cell #2 
  Shift vector:  0.3333   0.6667   0.0000
  Nonequivalent atoms :

 0.66666667   0.33333333  0.00000000
 W

 0.00000000   0.00000000  0.50000000
 C

Cell #3 
  Shift vector:  0.3333   0.6667   0.5000
  Nonequivalent atoms :

 0.66666667   0.33333333  0.50000000
 W

 0.00000000   0.00000000  0.00000000
 C

Cell #4 
  Shift vector:  0.6667   0.3333   0.0000
  Nonequivalent atoms :

 0.33333333   0.66666667  0.00000000
 W

 0.66666633   0.33333367  0.50000000
 C

Cell #5 
  Shift vector:  0.6667   0.3333   0.5000
  Nonequivalent atoms :

 0.33333333   0.66666667  0.50000000
 W

 0.66666633   0.33333367  0.00000000
 C
